[ 2017-07-31T16:32:01+08:00 ] 127.0.0.1 127.0.0.1 GET /
[ log ] admin.tll.com/ [运行时间：0.055275s][吞吐率：18.09req/s] [内存消耗：1,249.99kb] [文件加载：41]
[ info ] [ LANG ] D:\xampp\htdocs\tpadmin\thinkphp\lang\zh-cn.php
[ info ] [ ROUTE ] array (
  'type' => 'module',
  'module' => 
  array (
    0 => '',
    1 => NULL,
    2 => NULL,
  ),
)
[ info ] [ HEADER ] array (
  'host' => 'admin.tll.com',
  'user-agent' => 'Mozilla/5.0 (Windows NT 10.0; WOW64; rv:54.0) Gecko/20100101 Firefox/54.0',
  'accept' => 'text/html,application/xhtml+xml,application/xml;q=0.9,*/*;q=0.8',
  'accept-language' => 'zh-CN,zh;q=0.8,en-US;q=0.5,en;q=0.3',
  'accept-encoding' => 'gzip, deflate',
  'connection' => 'keep-alive',
  'upgrade-insecure-requests' => '1',
)
[ info ] [ PARAM ] array (
)
[ info ] [ RUN ] app\index\controller\Index->index[ D:\xampp\htdocs\tpadmin\application\index\controller\Index.php ]
[ info ] [ LOG ] INIT File

---------------------------------------------------------------
[ 2017-07-31T16:32:01+08:00 ] 127.0.0.1 127.0.0.1 GET /home.html
[ log ] admin.tll.com/home.html [运行时间：0.069568s][吞吐率：14.37req/s] [内存消耗：4,241.27kb] [文件加载：57]
[ info ] [ LANG ] D:\xampp\htdocs\tpadmin\thinkphp\lang\zh-cn.php
[ info ] [ ROUTE ] array (
  'type' => 'module',
  'module' => 
  array (
    0 => 'home',
    1 => NULL,
    2 => NULL,
  ),
)
[ info ] [ HEADER ] array (
  'host' => 'admin.tll.com',
  'user-agent' => 'Mozilla/5.0 (Windows NT 10.0; WOW64; rv:54.0) Gecko/20100101 Firefox/54.0',
  'accept' => 'text/html,application/xhtml+xml,application/xml;q=0.9,*/*;q=0.8',
  'accept-language' => 'zh-CN,zh;q=0.8,en-US;q=0.5,en;q=0.3',
  'accept-encoding' => 'gzip, deflate',
  'connection' => 'keep-alive',
  'upgrade-insecure-requests' => '1',
)
[ info ] [ PARAM ] array (
)
[ info ] [ SESSION ] INIT array (
  'id' => '',
  'var_session_id' => '',
  'prefix' => 'think',
  'type' => '',
  'auto_start' => true,
)
[ info ] [ BEHAVIOR ] Run \app\common\behavior\WebLog @module_init [ RunTime:0.022369s ]
[ info ] [ RUN ] app\home\controller\Index->index[ D:\xampp\htdocs\tpadmin\application\home\controller\Index.php ]
[ info ] [ LOG ] INIT File

---------------------------------------------------------------
[ 2017-07-31T16:32:01+08:00 ] 127.0.0.1 127.0.0.1 GET /home/index/login.html
[ log ] admin.tll.com/home/index/login.html [运行时间：0.089744s][吞吐率：11.14req/s] [内存消耗：5,207.38kb] [文件加载：71]
[ info ] [ LANG ] D:\xampp\htdocs\tpadmin\thinkphp\lang\zh-cn.php
[ info ] [ ROUTE ] array (
  'type' => 'module',
  'module' => 
  array (
    0 => 'home',
    1 => 'index',
    2 => 'login',
  ),
)
[ info ] [ HEADER ] array (
  'host' => 'admin.tll.com',
  'user-agent' => 'Mozilla/5.0 (Windows NT 10.0; WOW64; rv:54.0) Gecko/20100101 Firefox/54.0',
  'accept' => 'text/html,application/xhtml+xml,application/xml;q=0.9,*/*;q=0.8',
  'accept-language' => 'zh-CN,zh;q=0.8,en-US;q=0.5,en;q=0.3',
  'accept-encoding' => 'gzip, deflate',
  'cookie' => 'PHPSESSID=k88osj4mb1vfp8moc6l8a3u190',
  'connection' => 'keep-alive',
  'upgrade-insecure-requests' => '1',
)
[ info ] [ PARAM ] array (
)
[ info ] [ SESSION ] INIT array (
  'id' => '',
  'var_session_id' => '',
  'prefix' => 'think',
  'type' => '',
  'auto_start' => true,
)
[ info ] [ BEHAVIOR ] Run \app\common\behavior\WebLog @module_init [ RunTime:0.006967s ]
[ info ] [ RUN ] app\home\controller\Index->login[ D:\xampp\htdocs\tpadmin\application\home\controller\Index.php ]
[ info ] [ VIEW ] D:\xampp\htdocs\tpadmin\public/../application/home\view\index\login.html [ array (
) ]
[ info ] [ DB ] INIT mysql
[ info ] [ BEHAVIOR ] Run \app\common\behavior\WebLog @app_end [ RunTime:0.029993s ]
[ info ] [ LOG ] INIT File
[ sql ] [ DB ] CONNECT:[ UseTime:0.001205s ] mysql:dbname=tpadmin;host=127.0.0.1;charset=utf8
[ sql ] [ SQL ] SHOW COLUMNS FROM `tp_web_log_all` [ RunTime:0.011705s ]
[ sql ] [ SQL ] INSERT INTO `tp_web_log_all` (`uid` , `ip` , `location` , `os` , `browser` , `url` , `module` , `controller` , `action` , `method` , `data` , `create_at`) VALUES (0 , '127.0.0.1' , '本机地址 本机地址  ' , 'Windows 10' , 'Firefox(54.0)' , 'http://admin.tll.com/home/index/login.html' , 'home' , 'Index' , 'login' , 'GET' , 'a:0:{}' , 1501489921) [ RunTime:0.001665s ]

---------------------------------------------------------------
[ 2017-07-31T16:32:01+08:00 ] 127.0.0.1 127.0.0.1 GET /home/index/index?mobile=18811216533
[ log ] admin.tll.com/home/index/index?mobile=18811216533 [运行时间：0.100176s][吞吐率：9.98req/s] [内存消耗：5,041.38kb] [文件加载：69]
[ info ] [ LANG ] D:\xampp\htdocs\tpadmin\thinkphp\lang\zh-cn.php
[ info ] [ ROUTE ] array (
  'type' => 'module',
  'module' => 
  array (
    0 => 'home',
    1 => 'index',
    2 => 'index',
  ),
)
[ info ] [ HEADER ] array (
  'host' => 'admin.tll.com',
  'user-agent' => 'Mozilla/5.0 (Windows NT 10.0; WOW64; rv:54.0) Gecko/20100101 Firefox/54.0',
  'accept' => 'text/html,application/xhtml+xml,application/xml;q=0.9,*/*;q=0.8',
  'accept-language' => 'zh-CN,zh;q=0.8,en-US;q=0.5,en;q=0.3',
  'accept-encoding' => 'gzip, deflate',
  'referer' => 'http://admin.tll.com/home/index/login.html',
  'cookie' => 'PHPSESSID=k88osj4mb1vfp8moc6l8a3u190',
  'connection' => 'keep-alive',
  'upgrade-insecure-requests' => '1',
)
[ info ] [ PARAM ] array (
  'mobile' => '18811216533',
)
[ info ] [ SESSION ] INIT array (
  'id' => '',
  'var_session_id' => '',
  'prefix' => 'think',
  'type' => '',
  'auto_start' => true,
)
[ info ] [ BEHAVIOR ] Run \app\common\behavior\WebLog @module_init [ RunTime:0.010115s ]
[ info ] [ RUN ] app\home\controller\Index->index[ D:\xampp\htdocs\tpadmin\application\home\controller\Index.php ]
[ info ] [ DB ] INIT mysql
[ info ] [ VIEW ] D:\xampp\htdocs\tpadmin\public/../application/home\view\index\index.html [ array (
) ]
[ info ] [ BEHAVIOR ] Run \app\common\behavior\WebLog @app_end [ RunTime:0.005098s ]
[ info ] [ LOG ] INIT File
[ sql ] [ DB ] CONNECT:[ UseTime:0.001523s ] mysql:dbname=tpadmin;host=127.0.0.1;charset=utf8
[ sql ] [ SQL ] SHOW COLUMNS FROM `tp_user` [ RunTime:0.005849s ]
[ sql ] [ SQL ] SELECT * FROM `tp_user` WHERE  `mobile` = '18811216533' LIMIT 1 [ RunTime:0.000495s ]
[ sql ] [ SQL ] SHOW COLUMNS FROM `tp_web_log_all` [ RunTime:0.003197s ]
[ sql ] [ SQL ] INSERT INTO `tp_web_log_all` (`uid` , `ip` , `location` , `os` , `browser` , `url` , `module` , `controller` , `action` , `method` , `data` , `create_at`) VALUES (0 , '127.0.0.1' , '本机地址 本机地址  ' , 'Windows 10' , 'Firefox(54.0)' , 'http://admin.tll.com/home/index/index?mobile=18811216533' , 'home' , 'Index' , 'index' , 'GET' , 'a:1:{s:6:\"mobile\";s:11:\"18811216533\";}' , 1501489921) [ RunTime:0.000817s ]

---------------------------------------------------------------
[ 2017-07-31T16:34:32+08:00 ] 127.0.0.1 127.0.0.1 GET /home/index/index?mobile=18811216533
[ log ] admin.tll.com/home/index/index?mobile=18811216533 [运行时间：0.067850s][吞吐率：14.74req/s] [内存消耗：5,014.46kb] [文件加载：68]
[ info ] [ LANG ] D:\xampp\htdocs\tpadmin\thinkphp\lang\zh-cn.php
[ info ] [ ROUTE ] array (
  'type' => 'module',
  'module' => 
  array (
    0 => 'home',
    1 => 'index',
    2 => 'index',
  ),
)
[ info ] [ HEADER ] array (
  'host' => 'admin.tll.com',
  'user-agent' => 'Mozilla/5.0 (Windows NT 10.0; WOW64; rv:54.0) Gecko/20100101 Firefox/54.0',
  'accept' => 'text/html,application/xhtml+xml,application/xml;q=0.9,*/*;q=0.8',
  'accept-language' => 'zh-CN,zh;q=0.8,en-US;q=0.5,en;q=0.3',
  'accept-encoding' => 'gzip, deflate',
  'referer' => 'http://admin.tll.com/home/index/login.html',
  'cookie' => 'PHPSESSID=k88osj4mb1vfp8moc6l8a3u190',
  'connection' => 'keep-alive',
  'upgrade-insecure-requests' => '1',
  'cache-control' => 'max-age=0',
)
[ info ] [ PARAM ] array (
  'mobile' => '18811216533',
)
[ info ] [ SESSION ] INIT array (
  'id' => '',
  'var_session_id' => '',
  'prefix' => 'think',
  'type' => '',
  'auto_start' => true,
)
[ info ] [ BEHAVIOR ] Run \app\common\behavior\WebLog @module_init [ RunTime:0.007510s ]
[ info ] [ RUN ] app\home\controller\Index->index[ D:\xampp\htdocs\tpadmin\application\home\controller\Index.php ]
[ info ] [ VIEW ] D:\xampp\htdocs\tpadmin\public/../application/home\view\index\index.html [ array (
) ]
[ info ] [ DB ] INIT mysql
[ info ] [ BEHAVIOR ] Run \app\common\behavior\WebLog @app_end [ RunTime:0.015733s ]
[ info ] [ LOG ] INIT File
[ sql ] [ DB ] CONNECT:[ UseTime:0.001243s ] mysql:dbname=tpadmin;host=127.0.0.1;charset=utf8
[ sql ] [ SQL ] SHOW COLUMNS FROM `tp_web_log_all` [ RunTime:0.003281s ]
[ sql ] [ SQL ] INSERT INTO `tp_web_log_all` (`uid` , `ip` , `location` , `os` , `browser` , `url` , `module` , `controller` , `action` , `method` , `data` , `create_at`) VALUES (0 , '127.0.0.1' , '本机地址 本机地址  ' , 'Windows 10' , 'Firefox(54.0)' , 'http://admin.tll.com/home/index/index?mobile=18811216533' , 'home' , 'Index' , 'index' , 'GET' , 'a:1:{s:6:\"mobile\";s:11:\"18811216533\";}' , 1501490072) [ RunTime:0.000563s ]

---------------------------------------------------------------
[ 2017-07-31T16:35:28+08:00 ] 127.0.0.1 127.0.0.1 GET /admin.html
[ log ] admin.tll.com/admin.html [运行时间：0.071105s][吞吐率：14.06req/s] [内存消耗：5,029.88kb] [文件加载：69]
[ info ] [ LANG ] D:\xampp\htdocs\tpadmin\thinkphp\lang\zh-cn.php
[ info ] [ ROUTE ] array (
  'type' => 'module',
  'module' => 
  array (
    0 => 'admin',
    1 => NULL,
    2 => NULL,
  ),
)
[ info ] [ HEADER ] array (
  'host' => 'admin.tll.com',
  'user-agent' => 'Mozilla/5.0 (Windows NT 10.0; WOW64; rv:54.0) Gecko/20100101 Firefox/54.0',
  'accept' => 'text/html,application/xhtml+xml,application/xml;q=0.9,*/*;q=0.8',
  'accept-language' => 'zh-CN,zh;q=0.8,en-US;q=0.5,en;q=0.3',
  'accept-encoding' => 'gzip, deflate',
  'cookie' => 'PHPSESSID=k88osj4mb1vfp8moc6l8a3u190',
  'connection' => 'keep-alive',
  'upgrade-insecure-requests' => '1',
)
[ info ] [ PARAM ] array (
)
[ info ] [ SESSION ] INIT array (
  'id' => '',
  'var_session_id' => '',
  'prefix' => 'think',
  'type' => '',
  'auto_start' => true,
)
[ info ] [ BEHAVIOR ] Run \app\common\behavior\WebLog @module_init [ RunTime:0.007052s ]
[ info ] [ DB ] INIT mysql
[ info ] [ BEHAVIOR ] Run \app\common\behavior\WebLog @app_end [ RunTime:0.017655s ]
[ info ] [ LOG ] INIT File
[ sql ] [ DB ] CONNECT:[ UseTime:0.000973s ] mysql:dbname=tpadmin;host=127.0.0.1;charset=utf8
[ sql ] [ SQL ] SHOW COLUMNS FROM `tp_web_log_all` [ RunTime:0.002983s ]
[ sql ] [ SQL ] INSERT INTO `tp_web_log_all` (`uid` , `ip` , `location` , `os` , `browser` , `url` , `module` , `controller` , `action` , `method` , `data` , `create_at`) VALUES (0 , '127.0.0.1' , '本机地址 本机地址  ' , 'Windows 10' , 'Firefox(54.0)' , 'http://admin.tll.com/admin.html' , 'admin' , 'Index' , 'index' , 'GET' , 'a:0:{}' , 1501490128) [ RunTime:0.000484s ]

---------------------------------------------------------------
[ 2017-07-31T16:35:28+08:00 ] 127.0.0.1 127.0.0.1 GET /admin/pub/login.html
[ log ] admin.tll.com/admin/pub/login.html [运行时间：0.072047s][吞吐率：13.88req/s] [内存消耗：5,017.09kb] [文件加载：69]
[ info ] [ LANG ] D:\xampp\htdocs\tpadmin\thinkphp\lang\zh-cn.php
[ info ] [ ROUTE ] array (
  'type' => 'module',
  'module' => 
  array (
    0 => 'admin',
    1 => 'pub',
    2 => 'login',
  ),
)
[ info ] [ HEADER ] array (
  'host' => 'admin.tll.com',
  'user-agent' => 'Mozilla/5.0 (Windows NT 10.0; WOW64; rv:54.0) Gecko/20100101 Firefox/54.0',
  'accept' => 'text/html,application/xhtml+xml,application/xml;q=0.9,*/*;q=0.8',
  'accept-language' => 'zh-CN,zh;q=0.8,en-US;q=0.5,en;q=0.3',
  'accept-encoding' => 'gzip, deflate',
  'cookie' => 'PHPSESSID=k88osj4mb1vfp8moc6l8a3u190',
  'connection' => 'keep-alive',
  'upgrade-insecure-requests' => '1',
)
[ info ] [ PARAM ] array (
)
[ info ] [ SESSION ] INIT array (
  'id' => '',
  'var_session_id' => '',
  'prefix' => 'think',
  'type' => '',
  'auto_start' => true,
)
[ info ] [ BEHAVIOR ] Run \app\common\behavior\WebLog @module_init [ RunTime:0.006723s ]
[ info ] [ RUN ] app\admin\controller\Pub->login[ D:\xampp\htdocs\tpadmin\application\admin\controller\Pub.php ]
[ info ] [ VIEW ] D:\xampp\htdocs\tpadmin\public/../application/admin\view\pub\login.html [ array (
) ]
[ info ] [ DB ] INIT mysql
[ info ] [ BEHAVIOR ] Run \app\common\behavior\WebLog @app_end [ RunTime:0.015800s ]
[ info ] [ LOG ] INIT File
[ sql ] [ DB ] CONNECT:[ UseTime:0.000814s ] mysql:dbname=tpadmin;host=127.0.0.1;charset=utf8
[ sql ] [ SQL ] SHOW COLUMNS FROM `tp_web_log_all` [ RunTime:0.003146s ]
[ sql ] [ SQL ] INSERT INTO `tp_web_log_all` (`uid` , `ip` , `location` , `os` , `browser` , `url` , `module` , `controller` , `action` , `method` , `data` , `create_at`) VALUES (0 , '127.0.0.1' , '本机地址 本机地址  ' , 'Windows 10' , 'Firefox(54.0)' , 'http://admin.tll.com/admin/pub/login.html' , 'admin' , 'Pub' , 'login' , 'GET' , 'a:0:{}' , 1501490128) [ RunTime:0.000501s ]

---------------------------------------------------------------
[ 2017-07-31T16:35:28+08:00 ] 127.0.0.1 127.0.0.1 GET /captcha.html
[ log ] admin.tll.com/captcha.html [运行时间：0.049510s][吞吐率：20.20req/s] [内存消耗：1,286.21kb] [文件加载：41]
[ info ] [ LANG ] D:\xampp\htdocs\tpadmin\thinkphp\lang\zh-cn.php
[ info ] [ ROUTE ] array (
  'type' => 'method',
  'method' => 
  array (
    0 => '\\think\\captcha\\CaptchaController',
    1 => 'index',
  ),
  'var' => 
  array (
  ),
)
[ info ] [ HEADER ] array (
  'host' => 'admin.tll.com',
  'user-agent' => 'Mozilla/5.0 (Windows NT 10.0; WOW64; rv:54.0) Gecko/20100101 Firefox/54.0',
  'accept' => '*/*',
  'accept-language' => 'zh-CN,zh;q=0.8,en-US;q=0.5,en;q=0.3',
  'accept-encoding' => 'gzip, deflate',
  'referer' => 'http://admin.tll.com/admin/pub/login.html',
  'cookie' => 'PHPSESSID=k88osj4mb1vfp8moc6l8a3u190',
  'connection' => 'keep-alive',
)
[ info ] [ PARAM ] array (
  'id' => '',
)
[ info ] [ RUN ] think\captcha\CaptchaController->index[ D:\xampp\htdocs\tpadmin\vendor\topthink\think-captcha\src\CaptchaController.php ]
[ info ] [ SESSION ] INIT array (
  'id' => '',
  'var_session_id' => '',
  'prefix' => 'think',
  'type' => '',
  'auto_start' => true,
)
[ info ] [ LOG ] INIT File

---------------------------------------------------------------
[ 2017-07-31T16:35:35+08:00 ] 127.0.0.1 127.0.0.1 POST /admin/pub/checklogin.html
[ log ] admin.tll.com/admin/pub/checklogin.html [运行时间：0.087445s][吞吐率：11.44req/s] [内存消耗：5,142.61kb] [文件加载：72]
[ info ] [ LANG ] D:\xampp\htdocs\tpadmin\thinkphp\lang\zh-cn.php
[ info ] [ ROUTE ] array (
  'type' => 'module',
  'module' => 
  array (
    0 => 'admin',
    1 => 'pub',
    2 => 'checklogin',
  ),
)
[ info ] [ HEADER ] array (
  'host' => 'admin.tll.com',
  'user-agent' => 'Mozilla/5.0 (Windows NT 10.0; WOW64; rv:54.0) Gecko/20100101 Firefox/54.0',
  'accept' => 'application/json, text/javascript, */*; q=0.01',
  'accept-language' => 'zh-CN,zh;q=0.8,en-US;q=0.5,en;q=0.3',
  'accept-encoding' => 'gzip, deflate',
  'content-type' => 'application/x-www-form-urlencoded; charset=UTF-8',
  'x-requested-with' => 'XMLHttpRequest',
  'referer' => 'http://admin.tll.com/admin/pub/login.html',
  'content-length' => '42',
  'cookie' => 'PHPSESSID=k88osj4mb1vfp8moc6l8a3u190',
  'connection' => 'keep-alive',
)
[ info ] [ PARAM ] array (
  'account' => 'admin',
  'password' => '123456',
  'captcha' => 'dpiy',
)
[ info ] [ SESSION ] INIT array (
  'id' => '',
  'var_session_id' => '',
  'prefix' => 'think',
  'type' => '',
  'auto_start' => true,
)
[ info ] [ BEHAVIOR ] Run \app\common\behavior\WebLog @module_init [ RunTime:0.006278s ]
[ info ] [ RUN ] app\admin\controller\Pub->checkLogin[ D:\xampp\htdocs\tpadmin\application\admin\controller\Pub.php ]
[ info ] [ DB ] INIT mysql
[ info ] [ CACHE ] INIT File
[ info ] [ BEHAVIOR ] Run \app\common\behavior\WebLog @app_end [ RunTime:0.004073s ]
[ info ] [ LOG ] INIT File
[ sql ] [ DB ] CONNECT:[ UseTime:0.000790s ] mysql:dbname=tpadmin;host=127.0.0.1;charset=utf8
[ sql ] [ SQL ] SHOW COLUMNS FROM `tp_admin_user` [ RunTime:0.008223s ]
[ sql ] [ SQL ] SELECT * FROM `tp_admin_user` WHERE  `account` = 'admin'  AND `status` = 1 LIMIT 1 [ RunTime:0.000850s ]
[ sql ] [ SQL ] UPDATE `tp_admin_user`  SET `last_login_time`=1501490135,`login_count`=login_count+1,`last_login_ip`='127.0.0.1'  WHERE  `id` = 1 [ RunTime:0.001345s ]
[ sql ] [ SQL ] SHOW COLUMNS FROM `tp_login_log` [ RunTime:0.007071s ]
[ sql ] [ SQL ] INSERT INTO `tp_login_log` (`uid` , `login_ip` , `login_location` , `login_browser` , `login_os`) VALUES (1 , '127.0.0.1' , '本机地址 本机地址  ' , 'Firefox(54.0)' , 'Windows 10') [ RunTime:0.003823s ]
[ sql ] [ SQL ] SHOW COLUMNS FROM `tp_web_log_all` [ RunTime:0.002750s ]
[ sql ] [ SQL ] INSERT INTO `tp_web_log_all` (`uid` , `ip` , `location` , `os` , `browser` , `url` , `module` , `controller` , `action` , `method` , `data` , `create_at`) VALUES (0 , '127.0.0.1' , '本机地址 本机地址  ' , 'Windows 10' , 'Firefox(54.0)' , 'http://admin.tll.com/admin/pub/checklogin.html' , 'admin' , 'Pub' , 'checklogin' , 'POST' , 'a:3:{s:7:\"account\";s:5:\"admin\";s:8:\"password\";s:6:\"123456\";s:7:\"captcha\";s:4:\"dpiy\";}' , 1501490135) [ RunTime:0.000388s ]

---------------------------------------------------------------
[ 2017-07-31T16:35:35+08:00 ] 127.0.0.1 127.0.0.1 GET /admin/index/index.html
[ log ] admin.tll.com/admin/index/index.html [运行时间：0.092071s][吞吐率：10.86req/s] [内存消耗：5,139.17kb] [文件加载：72]
[ info ] [ LANG ] D:\xampp\htdocs\tpadmin\thinkphp\lang\zh-cn.php
[ info ] [ ROUTE ] array (
  'type' => 'module',
  'module' => 
  array (
    0 => 'admin',
    1 => 'index',
    2 => 'index',
  ),
)
[ info ] [ HEADER ] array (
  'host' => 'admin.tll.com',
  'user-agent' => 'Mozilla/5.0 (Windows NT 10.0; WOW64; rv:54.0) Gecko/20100101 Firefox/54.0',
  'accept' => 'text/html,application/xhtml+xml,application/xml;q=0.9,*/*;q=0.8',
  'accept-language' => 'zh-CN,zh;q=0.8,en-US;q=0.5,en;q=0.3',
  'accept-encoding' => 'gzip, deflate',
  'referer' => 'http://admin.tll.com/admin/pub/login.html',
  'cookie' => 'PHPSESSID=k88osj4mb1vfp8moc6l8a3u190',
  'connection' => 'keep-alive',
  'upgrade-insecure-requests' => '1',
)
[ info ] [ PARAM ] array (
)
[ info ] [ SESSION ] INIT array (
  'id' => '',
  'var_session_id' => '',
  'prefix' => 'think',
  'type' => '',
  'auto_start' => true,
)
[ info ] [ BEHAVIOR ] Run \app\common\behavior\WebLog @module_init [ RunTime:0.005700s ]
[ info ] [ RUN ] app\admin\controller\Index->index[ D:\xampp\htdocs\tpadmin\application\admin\controller\Index.php ]
[ info ] [ DB ] INIT mysql
[ info ] [ VIEW ] D:\xampp\htdocs\tpadmin\public/../application/admin\view\index\index.html [ array (
  0 => 'groups',
  1 => 'menu',
) ]
[ info ] [ RUN ] app\admin\widget\Index->menu[ D:\xampp\htdocs\tpadmin\application\admin\widget\Index.php ]
[ info ] [ RUN ] app\admin\widget\Index->menu[ D:\xampp\htdocs\tpadmin\application\admin\widget\Index.php ]
[ info ] [ RUN ] app\admin\widget\Index->menu[ D:\xampp\htdocs\tpadmin\application\admin\widget\Index.php ]
[ info ] [ RUN ] app\admin\widget\Index->menu[ D:\xampp\htdocs\tpadmin\application\admin\widget\Index.php ]
[ info ] [ RUN ] app\admin\widget\Index->menu[ D:\xampp\htdocs\tpadmin\application\admin\widget\Index.php ]
[ info ] [ RUN ] app\admin\widget\Index->menu[ D:\xampp\htdocs\tpadmin\application\admin\widget\Index.php ]
[ info ] [ RUN ] app\admin\widget\Index->menu[ D:\xampp\htdocs\tpadmin\application\admin\widget\Index.php ]
[ info ] [ RUN ] app\admin\widget\Index->menu[ D:\xampp\htdocs\tpadmin\application\admin\widget\Index.php ]
[ info ] [ RUN ] app\admin\widget\Index->menu[ D:\xampp\htdocs\tpadmin\application\admin\widget\Index.php ]
[ info ] [ RUN ] app\admin\widget\Index->menu[ D:\xampp\htdocs\tpadmin\application\admin\widget\Index.php ]
[ info ] [ RUN ] app\admin\widget\Index->menu[ D:\xampp\htdocs\tpadmin\application\admin\widget\Index.php ]
[ info ] [ RUN ] app\admin\widget\Index->menu[ D:\xampp\htdocs\tpadmin\application\admin\widget\Index.php ]
[ info ] [ RUN ] app\admin\widget\Index->menu[ D:\xampp\htdocs\tpadmin\application\admin\widget\Index.php ]
[ info ] [ RUN ] app\admin\widget\Index->menu[ D:\xampp\htdocs\tpadmin\application\admin\widget\Index.php ]
[ info ] [ RUN ] app\admin\widget\Index->menu[ D:\xampp\htdocs\tpadmin\application\admin\widget\Index.php ]
[ info ] [ RUN ] app\admin\widget\Index->menu[ D:\xampp\htdocs\tpadmin\application\admin\widget\Index.php ]
[ info ] [ RUN ] app\admin\widget\Index->menu[ D:\xampp\htdocs\tpadmin\application\admin\widget\Index.php ]
[ info ] [ RUN ] app\admin\widget\Index->menu[ D:\xampp\htdocs\tpadmin\application\admin\widget\Index.php ]
[ info ] [ RUN ] app\admin\widget\Index->menu[ D:\xampp\htdocs\tpadmin\application\admin\widget\Index.php ]
[ info ] [ RUN ] app\admin\widget\Index->menu[ D:\xampp\htdocs\tpadmin\application\admin\widget\Index.php ]
[ info ] [ RUN ] app\admin\widget\Index->menu[ D:\xampp\htdocs\tpadmin\application\admin\widget\Index.php ]
[ info ] [ RUN ] app\admin\widget\Index->menu[ D:\xampp\htdocs\tpadmin\application\admin\widget\Index.php ]
[ info ] [ RUN ] app\admin\widget\Index->menu[ D:\xampp\htdocs\tpadmin\application\admin\widget\Index.php ]
[ info ] [ BEHAVIOR ] Run \app\common\behavior\WebLog @app_end [ RunTime:0.004984s ]
[ info ] [ LOG ] INIT File
[ sql ] [ DB ] CONNECT:[ UseTime:0.010549s ] mysql:dbname=tpadmin;host=127.0.0.1;charset=utf8
[ sql ] [ SQL ] SHOW COLUMNS FROM `tp_admin_node` [ RunTime:0.007882s ]
[ sql ] [ SQL ] SELECT `id`,`pid`,`name`,`group_id`,`title`,`type` FROM `tp_admin_node` WHERE  (  status=1 AND group_id > 0 ) [ RunTime:0.000677s ]
[ sql ] [ SQL ] SHOW COLUMNS FROM `tp_admin_group` [ RunTime:0.007884s ]
[ sql ] [ SQL ] SELECT `id`,`name`,`icon` FROM `tp_admin_group` WHERE  `id` IN (1,2,3)  AND `status` = 1 ORDER BY sort asc,id asc [ RunTime:0.000515s ]
[ sql ] [ SQL ] SHOW COLUMNS FROM `tp_web_log_all` [ RunTime:0.002880s ]
[ sql ] [ SQL ] INSERT INTO `tp_web_log_all` (`uid` , `ip` , `location` , `os` , `browser` , `url` , `module` , `controller` , `action` , `method` , `data` , `create_at`) VALUES (1 , '127.0.0.1' , '本机地址 本机地址  ' , 'Windows 10' , 'Firefox(54.0)' , 'http://admin.tll.com/admin/index/index.html' , 'admin' , 'Index' , 'index' , 'GET' , 'a:0:{}' , 1501490135) [ RunTime:0.000784s ]

---------------------------------------------------------------
[ 2017-07-31T16:35:36+08:00 ] 127.0.0.1 127.0.0.1 GET /admin/index/welcome.html
[ log ] admin.tll.com/admin/index/welcome.html [运行时间：0.093669s][吞吐率：10.68req/s] [内存消耗：5,077.79kb] [文件加载：70]
[ info ] [ LANG ] D:\xampp\htdocs\tpadmin\thinkphp\lang\zh-cn.php
[ info ] [ ROUTE ] array (
  'type' => 'module',
  'module' => 
  array (
    0 => 'admin',
    1 => 'index',
    2 => 'welcome',
  ),
)
[ info ] [ HEADER ] array (
  'host' => 'admin.tll.com',
  'user-agent' => 'Mozilla/5.0 (Windows NT 10.0; WOW64; rv:54.0) Gecko/20100101 Firefox/54.0',
  'accept' => 'text/html,application/xhtml+xml,application/xml;q=0.9,*/*;q=0.8',
  'accept-language' => 'zh-CN,zh;q=0.8,en-US;q=0.5,en;q=0.3',
  'accept-encoding' => 'gzip, deflate',
  'referer' => 'http://admin.tll.com/admin/index/index.html',
  'cookie' => 'PHPSESSID=k88osj4mb1vfp8moc6l8a3u190',
  'connection' => 'keep-alive',
  'upgrade-insecure-requests' => '1',
)
[ info ] [ PARAM ] array (
)
[ info ] [ SESSION ] INIT array (
  'id' => '',
  'var_session_id' => '',
  'prefix' => 'think',
  'type' => '',
  'auto_start' => true,
)
[ info ] [ BEHAVIOR ] Run \app\common\behavior\WebLog @module_init [ RunTime:0.011334s ]
[ info ] [ RUN ] app\admin\controller\Index->welcome[ D:\xampp\htdocs\tpadmin\application\admin\controller\Index.php ]
[ info ] [ DB ] INIT mysql
[ info ] [ VIEW ] D:\xampp\htdocs\tpadmin\public/../application/admin\view\index\welcome.html [ array (
  0 => 'last_login_ip',
  1 => 'last_login_loc',
  2 => 'current_login_ip',
  3 => 'current_login_loc',
  4 => 'info',
) ]
[ info ] [ BEHAVIOR ] Run \app\common\behavior\WebLog @app_end [ RunTime:0.007722s ]
[ info ] [ LOG ] INIT File
[ sql ] [ DB ] CONNECT:[ UseTime:0.000869s ] mysql:dbname=tpadmin;host=127.0.0.1;charset=utf8
[ sql ] [ SQL ] SHOW COLUMNS FROM `tp_admin_user` [ RunTime:0.005854s ]
[ sql ] [ SQL ] SELECT * FROM `tp_admin_user` WHERE  `id` = 1 LIMIT 1 [ RunTime:0.000703s ]
[ sql ] [ SQL ] SHOW COLUMNS FROM `tp_web_log_all` [ RunTime:0.005806s ]
[ sql ] [ SQL ] INSERT INTO `tp_web_log_all` (`uid` , `ip` , `location` , `os` , `browser` , `url` , `module` , `controller` , `action` , `method` , `data` , `create_at`) VALUES (1 , '127.0.0.1' , '本机地址 本机地址  ' , 'Windows 10' , 'Firefox(54.0)' , 'http://admin.tll.com/admin/index/welcome.html' , 'admin' , 'Index' , 'welcome' , 'GET' , 'a:0:{}' , 1501490136) [ RunTime:0.000598s ]

---------------------------------------------------------------
[ 2017-07-31T16:36:03+08:00 ] 127.0.0.1 127.0.0.1 GET /admin/index/index.html
[ log ] admin.tll.com/admin/index/index.html [运行时间：0.087751s][吞吐率：11.40req/s] [内存消耗：5,119.16kb] [文件加载：74]
[ info ] [ LANG ] D:\xampp\htdocs\tpadmin\thinkphp\lang\zh-cn.php
[ info ] [ ROUTE ] array (
  'type' => 'module',
  'module' => 
  array (
    0 => 'admin',
    1 => 'index',
    2 => 'index',
  ),
)
[ info ] [ HEADER ] array (
  'host' => 'admin.tll.com',
  'user-agent' => 'Mozilla/5.0 (Windows NT 10.0; WOW64; rv:54.0) Gecko/20100101 Firefox/54.0',
  'accept' => 'text/html,application/xhtml+xml,application/xml;q=0.9,*/*;q=0.8',
  'accept-language' => 'zh-CN,zh;q=0.8,en-US;q=0.5,en;q=0.3',
  'accept-encoding' => 'gzip, deflate',
  'referer' => 'http://admin.tll.com/admin/pub/login.html',
  'cookie' => 'PHPSESSID=k88osj4mb1vfp8moc6l8a3u190',
  'connection' => 'keep-alive',
  'upgrade-insecure-requests' => '1',
  'cache-control' => 'max-age=0',
)
[ info ] [ PARAM ] array (
)
[ info ] [ SESSION ] INIT array (
  'id' => '',
  'var_session_id' => '',
  'prefix' => 'think',
  'type' => '',
  'auto_start' => true,
)
[ info ] [ BEHAVIOR ] Run \app\common\behavior\WebLog @module_init [ RunTime:0.006510s ]
[ info ] [ RUN ] app\admin\controller\Index->index[ D:\xampp\htdocs\tpadmin\application\admin\controller\Index.php ]
[ info ] [ DB ] INIT mysql
[ info ] [ LOG ] INIT File
[ sql ] [ DB ] CONNECT:[ UseTime:0.000716s ] mysql:dbname=tpadmin;host=127.0.0.1;charset=utf8
[ sql ] [ SQL ] SHOW COLUMNS FROM `tp_admin_node` [ RunTime:0.004394s ]
[ sql ] [ SQL ] SELECT `id`,`pid`,`name`,`group_id`,`title`,`type` FROM `tp_admin_node` WHERE  (  status=1 AND group_id > 0 ) [ RunTime:0.000651s ]
[ sql ] [ SQL ] SHOW COLUMNS FROM `tp_admin_group` [ RunTime:0.002719s ]
[ sql ] [ SQL ] SELECT `id`,`name`,`icon` FROM `tp_admin_group` WHERE  `id` IN (1,2,3)  AND `status` = 1 ORDER BY sort asc,id asc [ RunTime:0.000673s ]
[ error ] [1]Using $this when not in object context[D:\xampp\htdocs\tpadmin\application\admin\common.php:508]

---------------------------------------------------------------
[ 2017-07-31T16:36:16+08:00 ] 127.0.0.1 127.0.0.1 GET /admin/index/index.html
[ log ] admin.tll.com/admin/index/index.html [运行时间：0.071330s][吞吐率：14.02req/s] [内存消耗：5,008.79kb] [文件加载：66]
[ info ] [ LANG ] D:\xampp\htdocs\tpadmin\thinkphp\lang\zh-cn.php
[ info ] [ ROUTE ] array (
  'type' => 'module',
  'module' => 
  array (
    0 => 'admin',
    1 => 'index',
    2 => 'index',
  ),
)
[ info ] [ HEADER ] array (
  'host' => 'admin.tll.com',
  'user-agent' => 'Mozilla/5.0 (Windows NT 10.0; WOW64; rv:54.0) Gecko/20100101 Firefox/54.0',
  'accept' => 'text/html,application/xhtml+xml,application/xml;q=0.9,*/*;q=0.8',
  'accept-language' => 'zh-CN,zh;q=0.8,en-US;q=0.5,en;q=0.3',
  'accept-encoding' => 'gzip, deflate',
  'referer' => 'http://admin.tll.com/admin/pub/login.html',
  'cookie' => 'PHPSESSID=k88osj4mb1vfp8moc6l8a3u190',
  'connection' => 'keep-alive',
  'upgrade-insecure-requests' => '1',
  'cache-control' => 'max-age=0',
)
[ info ] [ PARAM ] array (
)
[ info ] [ SESSION ] INIT array (
  'id' => '',
  'var_session_id' => '',
  'prefix' => 'think',
  'type' => '',
  'auto_start' => true,
)
[ info ] [ BEHAVIOR ] Run \app\common\behavior\WebLog @module_init [ RunTime:0.006274s ]
[ info ] [ RUN ] app\admin\controller\Index->index[ D:\xampp\htdocs\tpadmin\application\admin\controller\Index.php ]
[ info ] [ DB ] INIT mysql
[ info ] [ LOG ] INIT File
[ sql ] [ DB ] CONNECT:[ UseTime:0.001059s ] mysql:dbname=tpadmin;host=127.0.0.1;charset=utf8
[ sql ] [ SQL ] SHOW COLUMNS FROM `tp_admin_node` [ RunTime:0.003043s ]
[ sql ] [ SQL ] SELECT `id`,`pid`,`name`,`group_id`,`title`,`type` FROM `tp_admin_node` WHERE  (  status=1 AND group_id > 0 ) [ RunTime:0.000635s ]
[ sql ] [ SQL ] SHOW COLUMNS FROM `tp_admin_group` [ RunTime:0.002589s ]
[ sql ] [ SQL ] SELECT `id`,`name`,`icon` FROM `tp_admin_group` WHERE  `id` IN (1,2,3)  AND `status` = 1 ORDER BY sort asc,id asc [ RunTime:0.000757s ]

---------------------------------------------------------------
[ 2017-07-31T16:37:59+08:00 ] 127.0.0.1 127.0.0.1 GET /admin/index/index.html
[ log ] admin.tll.com/admin/index/index.html [运行时间：0.081668s][吞吐率：12.24req/s] [内存消耗：5,016.33kb] [文件加载：66]
[ info ] [ LANG ] D:\xampp\htdocs\tpadmin\thinkphp\lang\zh-cn.php
[ info ] [ ROUTE ] array (
  'type' => 'module',
  'module' => 
  array (
    0 => 'admin',
    1 => 'index',
    2 => 'index',
  ),
)
[ info ] [ HEADER ] array (
  'host' => 'admin.tll.com',
  'user-agent' => 'Mozilla/5.0 (Windows NT 10.0; WOW64; rv:54.0) Gecko/20100101 Firefox/54.0',
  'accept' => 'text/html,application/xhtml+xml,application/xml;q=0.9,*/*;q=0.8',
  'accept-language' => 'zh-CN,zh;q=0.8,en-US;q=0.5,en;q=0.3',
  'accept-encoding' => 'gzip, deflate',
  'referer' => 'http://admin.tll.com/admin/pub/login.html',
  'cookie' => 'PHPSESSID=k88osj4mb1vfp8moc6l8a3u190',
  'connection' => 'keep-alive',
  'upgrade-insecure-requests' => '1',
  'cache-control' => 'max-age=0',
)
[ info ] [ PARAM ] array (
)
[ info ] [ SESSION ] INIT array (
  'id' => '',
  'var_session_id' => '',
  'prefix' => 'think',
  'type' => '',
  'auto_start' => true,
)
[ info ] [ BEHAVIOR ] Run \app\common\behavior\WebLog @module_init [ RunTime:0.007572s ]
[ info ] [ RUN ] app\admin\controller\Index->index[ D:\xampp\htdocs\tpadmin\application\admin\controller\Index.php ]
[ info ] [ DB ] INIT mysql
[ info ] [ LOG ] INIT File
[ sql ] [ DB ] CONNECT:[ UseTime:0.000864s ] mysql:dbname=tpadmin;host=127.0.0.1;charset=utf8
[ sql ] [ SQL ] SHOW COLUMNS FROM `tp_admin_node` [ RunTime:0.003942s ]
[ sql ] [ SQL ] SELECT `id`,`pid`,`name`,`group_id`,`title`,`type` FROM `tp_admin_node` WHERE  (  status=1 AND group_id > 0 ) [ RunTime:0.001122s ]
[ sql ] [ SQL ] SHOW COLUMNS FROM `tp_admin_group` [ RunTime:0.003921s ]
[ sql ] [ SQL ] SELECT `id`,`name`,`icon` FROM `tp_admin_group` WHERE  `id` IN (1,2,3)  AND `status` = 1 ORDER BY sort asc,id asc [ RunTime:0.000644s ]
[ sql ] [ SQL ] SHOW COLUMNS FROM `tp_user` [ RunTime:0.004986s ]
[ sql ] [ SQL ] SELECT * FROM `tp_user` WHERE  `id` = 1 LIMIT 1 [ RunTime:0.000775s ]

---------------------------------------------------------------
[ 2017-07-31T16:41:16+08:00 ] 127.0.0.1 127.0.0.1 GET /admin/index/index.html
[ log ] admin.tll.com/admin/index/index.html [运行时间：0.078866s][吞吐率：12.68req/s] [内存消耗：5,139.55kb] [文件加载：72]
[ info ] [ LANG ] D:\xampp\htdocs\tpadmin\thinkphp\lang\zh-cn.php
[ info ] [ ROUTE ] array (
  'type' => 'module',
  'module' => 
  array (
    0 => 'admin',
    1 => 'index',
    2 => 'index',
  ),
)
[ info ] [ HEADER ] array (
  'host' => 'admin.tll.com',
  'user-agent' => 'Mozilla/5.0 (Windows NT 10.0; WOW64; rv:54.0) Gecko/20100101 Firefox/54.0',
  'accept' => 'text/html,application/xhtml+xml,application/xml;q=0.9,*/*;q=0.8',
  'accept-language' => 'zh-CN,zh;q=0.8,en-US;q=0.5,en;q=0.3',
  'accept-encoding' => 'gzip, deflate',
  'referer' => 'http://admin.tll.com/admin/pub/login.html',
  'cookie' => 'PHPSESSID=k88osj4mb1vfp8moc6l8a3u190',
  'connection' => 'keep-alive',
  'upgrade-insecure-requests' => '1',
  'cache-control' => 'max-age=0',
)
[ info ] [ PARAM ] array (
)
[ info ] [ SESSION ] INIT array (
  'id' => '',
  'var_session_id' => '',
  'prefix' => 'think',
  'type' => '',
  'auto_start' => true,
)
[ info ] [ BEHAVIOR ] Run \app\common\behavior\WebLog @module_init [ RunTime:0.006271s ]
[ info ] [ RUN ] app\admin\controller\Index->index[ D:\xampp\htdocs\tpadmin\application\admin\controller\Index.php ]
[ info ] [ DB ] INIT mysql
[ info ] [ VIEW ] D:\xampp\htdocs\tpadmin\public/../application/admin\view\index\index.html [ array (
  0 => 'groups',
  1 => 'menu',
) ]
[ info ] [ RUN ] app\admin\widget\Index->menu[ D:\xampp\htdocs\tpadmin\application\admin\widget\Index.php ]
[ info ] [ RUN ] app\admin\widget\Index->menu[ D:\xampp\htdocs\tpadmin\application\admin\widget\Index.php ]
[ info ] [ RUN ] app\admin\widget\Index->menu[ D:\xampp\htdocs\tpadmin\application\admin\widget\Index.php ]
[ info ] [ RUN ] app\admin\widget\Index->menu[ D:\xampp\htdocs\tpadmin\application\admin\widget\Index.php ]
[ info ] [ RUN ] app\admin\widget\Index->menu[ D:\xampp\htdocs\tpadmin\application\admin\widget\Index.php ]
[ info ] [ RUN ] app\admin\widget\Index->menu[ D:\xampp\htdocs\tpadmin\application\admin\widget\Index.php ]
[ info ] [ RUN ] app\admin\widget\Index->menu[ D:\xampp\htdocs\tpadmin\application\admin\widget\Index.php ]
[ info ] [ RUN ] app\admin\widget\Index->menu[ D:\xampp\htdocs\tpadmin\application\admin\widget\Index.php ]
[ info ] [ RUN ] app\admin\widget\Index->menu[ D:\xampp\htdocs\tpadmin\application\admin\widget\Index.php ]
[ info ] [ RUN ] app\admin\widget\Index->menu[ D:\xampp\htdocs\tpadmin\application\admin\widget\Index.php ]
[ info ] [ RUN ] app\admin\widget\Index->menu[ D:\xampp\htdocs\tpadmin\application\admin\widget\Index.php ]
[ info ] [ RUN ] app\admin\widget\Index->menu[ D:\xampp\htdocs\tpadmin\application\admin\widget\Index.php ]
[ info ] [ RUN ] app\admin\widget\Index->menu[ D:\xampp\htdocs\tpadmin\application\admin\widget\Index.php ]
[ info ] [ RUN ] app\admin\widget\Index->menu[ D:\xampp\htdocs\tpadmin\application\admin\widget\Index.php ]
[ info ] [ RUN ] app\admin\widget\Index->menu[ D:\xampp\htdocs\tpadmin\application\admin\widget\Index.php ]
[ info ] [ RUN ] app\admin\widget\Index->menu[ D:\xampp\htdocs\tpadmin\application\admin\widget\Index.php ]
[ info ] [ RUN ] app\admin\widget\Index->menu[ D:\xampp\htdocs\tpadmin\application\admin\widget\Index.php ]
[ info ] [ RUN ] app\admin\widget\Index->menu[ D:\xampp\htdocs\tpadmin\application\admin\widget\Index.php ]
[ info ] [ RUN ] app\admin\widget\Index->menu[ D:\xampp\htdocs\tpadmin\application\admin\widget\Index.php ]
[ info ] [ RUN ] app\admin\widget\Index->menu[ D:\xampp\htdocs\tpadmin\application\admin\widget\Index.php ]
[ info ] [ RUN ] app\admin\widget\Index->menu[ D:\xampp\htdocs\tpadmin\application\admin\widget\Index.php ]
[ info ] [ RUN ] app\admin\widget\Index->menu[ D:\xampp\htdocs\tpadmin\application\admin\widget\Index.php ]
[ info ] [ RUN ] app\admin\widget\Index->menu[ D:\xampp\htdocs\tpadmin\application\admin\widget\Index.php ]
[ info ] [ BEHAVIOR ] Run \app\common\behavior\WebLog @app_end [ RunTime:0.004652s ]
[ info ] [ LOG ] INIT File
[ sql ] [ DB ] CONNECT:[ UseTime:0.001054s ] mysql:dbname=tpadmin;host=127.0.0.1;charset=utf8
[ sql ] [ SQL ] SHOW COLUMNS FROM `tp_admin_node` [ RunTime:0.003373s ]
[ sql ] [ SQL ] SELECT `id`,`pid`,`name`,`group_id`,`title`,`type` FROM `tp_admin_node` WHERE  (  status=1 AND group_id > 0 ) [ RunTime:0.000979s ]
[ sql ] [ SQL ] SHOW COLUMNS FROM `tp_admin_group` [ RunTime:0.003418s ]
[ sql ] [ SQL ] SELECT `id`,`name`,`icon` FROM `tp_admin_group` WHERE  `id` IN (1,2,3)  AND `status` = 1 ORDER BY sort asc,id asc [ RunTime:0.000667s ]
[ sql ] [ SQL ] SHOW COLUMNS FROM `tp_web_log_all` [ RunTime:0.003132s ]
[ sql ] [ SQL ] INSERT INTO `tp_web_log_all` (`uid` , `ip` , `location` , `os` , `browser` , `url` , `module` , `controller` , `action` , `method` , `data` , `create_at`) VALUES (1 , '127.0.0.1' , '本机地址 本机地址  ' , 'Windows 10' , 'Firefox(54.0)' , 'http://admin.tll.com/admin/index/index.html' , 'admin' , 'Index' , 'index' , 'GET' , 'a:0:{}' , 1501490476) [ RunTime:0.000513s ]

---------------------------------------------------------------
[ 2017-07-31T16:41:16+08:00 ] 127.0.0.1 127.0.0.1 GET /admin/index/welcome.html
[ log ] admin.tll.com/admin/index/welcome.html [运行时间：0.087057s][吞吐率：11.49req/s] [内存消耗：5,077.86kb] [文件加载：70]
[ info ] [ LANG ] D:\xampp\htdocs\tpadmin\thinkphp\lang\zh-cn.php
[ info ] [ ROUTE ] array (
  'type' => 'module',
  'module' => 
  array (
    0 => 'admin',
    1 => 'index',
    2 => 'welcome',
  ),
)
[ info ] [ HEADER ] array (
  'host' => 'admin.tll.com',
  'user-agent' => 'Mozilla/5.0 (Windows NT 10.0; WOW64; rv:54.0) Gecko/20100101 Firefox/54.0',
  'accept' => 'text/html,application/xhtml+xml,application/xml;q=0.9,*/*;q=0.8',
  'accept-language' => 'zh-CN,zh;q=0.8,en-US;q=0.5,en;q=0.3',
  'accept-encoding' => 'gzip, deflate',
  'referer' => 'http://admin.tll.com/admin/index/index.html',
  'cookie' => 'PHPSESSID=k88osj4mb1vfp8moc6l8a3u190',
  'connection' => 'keep-alive',
  'upgrade-insecure-requests' => '1',
)
[ info ] [ PARAM ] array (
)
[ info ] [ SESSION ] INIT array (
  'id' => '',
  'var_session_id' => '',
  'prefix' => 'think',
  'type' => '',
  'auto_start' => true,
)
[ info ] [ BEHAVIOR ] Run \app\common\behavior\WebLog @module_init [ RunTime:0.008218s ]
[ info ] [ RUN ] app\admin\controller\Index->welcome[ D:\xampp\htdocs\tpadmin\application\admin\controller\Index.php ]
[ info ] [ DB ] INIT mysql
[ info ] [ VIEW ] D:\xampp\htdocs\tpadmin\public/../application/admin\view\index\welcome.html [ array (
  0 => 'last_login_ip',
  1 => 'last_login_loc',
  2 => 'current_login_ip',
  3 => 'current_login_loc',
  4 => 'info',
) ]
[ info ] [ BEHAVIOR ] Run \app\common\behavior\WebLog @app_end [ RunTime:0.004691s ]
[ info ] [ LOG ] INIT File
[ sql ] [ DB ] CONNECT:[ UseTime:0.000768s ] mysql:dbname=tpadmin;host=127.0.0.1;charset=utf8
[ sql ] [ SQL ] SHOW COLUMNS FROM `tp_admin_user` [ RunTime:0.002929s ]
[ sql ] [ SQL ] SELECT * FROM `tp_admin_user` WHERE  `id` = 1 LIMIT 1 [ RunTime:0.000796s ]
[ sql ] [ SQL ] SHOW COLUMNS FROM `tp_web_log_all` [ RunTime:0.002856s ]
[ sql ] [ SQL ] INSERT INTO `tp_web_log_all` (`uid` , `ip` , `location` , `os` , `browser` , `url` , `module` , `controller` , `action` , `method` , `data` , `create_at`) VALUES (1 , '127.0.0.1' , '本机地址 本机地址  ' , 'Windows 10' , 'Firefox(54.0)' , 'http://admin.tll.com/admin/index/welcome.html' , 'admin' , 'Index' , 'welcome' , 'GET' , 'a:0:{}' , 1501490476) [ RunTime:0.000655s ]

---------------------------------------------------------------
[ 2017-07-31T16:41:18+08:00 ] 127.0.0.1 127.0.0.1 GET /admin/huanzhe/index.html
[ log ] admin.tll.com/admin/huanzhe/index.html [运行时间：0.119789s][吞吐率：8.35req/s] [内存消耗：5,529.48kb] [文件加载：78]
[ info ] [ LANG ] D:\xampp\htdocs\tpadmin\thinkphp\lang\zh-cn.php
[ info ] [ ROUTE ] array (
  'type' => 'module',
  'module' => 
  array (
    0 => 'admin',
    1 => 'huanzhe',
    2 => 'index',
  ),
)
[ info ] [ HEADER ] array (
  'host' => 'admin.tll.com',
  'user-agent' => 'Mozilla/5.0 (Windows NT 10.0; WOW64; rv:54.0) Gecko/20100101 Firefox/54.0',
  'accept' => 'text/html,application/xhtml+xml,application/xml;q=0.9,*/*;q=0.8',
  'accept-language' => 'zh-CN,zh;q=0.8,en-US;q=0.5,en;q=0.3',
  'accept-encoding' => 'gzip, deflate',
  'referer' => 'http://admin.tll.com/admin/index/index.html',
  'cookie' => 'PHPSESSID=k88osj4mb1vfp8moc6l8a3u190',
  'connection' => 'keep-alive',
  'upgrade-insecure-requests' => '1',
)
[ info ] [ PARAM ] array (
)
[ info ] [ SESSION ] INIT array (
  'id' => '',
  'var_session_id' => '',
  'prefix' => 'think',
  'type' => '',
  'auto_start' => true,
)
[ info ] [ BEHAVIOR ] Run \app\common\behavior\WebLog @module_init [ RunTime:0.008489s ]
[ info ] [ RUN ] app\admin\controller\Huanzhe->index[ D:\xampp\htdocs\tpadmin\application\admin\controller\Huanzhe.php ]
[ info ] [ DB ] INIT mysql
[ info ] [ VIEW ] D:\xampp\htdocs\tpadmin\public/../application/admin\view\huanzhe\index.html [ array (
  0 => 'list',
  1 => 'page',
) ]
[ info ] [ BEHAVIOR ] Run \app\common\behavior\WebLog @app_end [ RunTime:0.004376s ]
[ info ] [ LOG ] INIT File
[ sql ] [ DB ] CONNECT:[ UseTime:0.000690s ] mysql:dbname=tpadmin;host=127.0.0.1;charset=utf8
[ sql ] [ SQL ] SHOW COLUMNS FROM `tp_pnjs` [ RunTime:0.003458s ]
[ sql ] [ SQL ] SELECT COUNT(*) AS tp_count FROM `tp_pnjs` WHERE  `id` > 1 LIMIT 1 [ RunTime:0.001043s ]
[ sql ] [ SQL ] SELECT * FROM `tp_pnjs` WHERE  `id` > 1 ORDER BY add_time desc LIMIT 0,10 [ RunTime:0.001694s ]
[ sql ] [ SQL ] SHOW COLUMNS FROM `tp_user` [ RunTime:0.003375s ]
[ sql ] [ SQL ] SELECT * FROM `tp_user` WHERE  `id` = 1 LIMIT 1 [ RunTime:0.000449s ]
[ sql ] [ SQL ] SELECT * FROM `tp_user` WHERE  `id` = 1 LIMIT 1 [ RunTime:0.000417s ]
[ sql ] [ SQL ] SELECT * FROM `tp_user` WHERE  `id` = 1 LIMIT 1 [ RunTime:0.000438s ]
[ sql ] [ SQL ] SELECT * FROM `tp_user` WHERE  `id` = 1 LIMIT 1 [ RunTime:0.000368s ]
[ sql ] [ SQL ] SELECT * FROM `tp_user` WHERE  `id` = 1 LIMIT 1 [ RunTime:0.000298s ]
[ sql ] [ SQL ] SELECT * FROM `tp_user` WHERE  `id` = 1 LIMIT 1 [ RunTime:0.000458s ]
[ sql ] [ SQL ] SELECT * FROM `tp_user` WHERE  `id` = 1 LIMIT 1 [ RunTime:0.000394s ]
[ sql ] [ SQL ] SELECT * FROM `tp_user` WHERE  `id` = 1 LIMIT 1 [ RunTime:0.000394s ]
[ sql ] [ SQL ] SELECT * FROM `tp_user` WHERE  `id` = 1 LIMIT 1 [ RunTime:0.000340s ]
[ sql ] [ SQL ] SELECT * FROM `tp_user` WHERE  `id` = 1 LIMIT 1 [ RunTime:0.000279s ]
[ sql ] [ SQL ] SHOW COLUMNS FROM `tp_web_log_all` [ RunTime:0.002692s ]
[ sql ] [ SQL ] INSERT INTO `tp_web_log_all` (`uid` , `ip` , `location` , `os` , `browser` , `url` , `module` , `controller` , `action` , `method` , `data` , `create_at`) VALUES (1 , '127.0.0.1' , '本机地址 本机地址  ' , 'Windows 10' , 'Firefox(54.0)' , 'http://admin.tll.com/admin/huanzhe/index.html' , 'admin' , 'Huanzhe' , 'index' , 'GET' , 'a:0:{}' , 1501490478) [ RunTime:0.000626s ]

---------------------------------------------------------------
[ 2017-07-31T16:41:24+08:00 ] 127.0.0.1 127.0.0.1 GET /admin/huanzhe/index.html?p=2
[ log ] admin.tll.com/admin/huanzhe/index.html?p=2 [运行时间：0.096769s][吞吐率：10.33req/s] [内存消耗：5,269.24kb] [文件加载：75]
[ info ] [ LANG ] D:\xampp\htdocs\tpadmin\thinkphp\lang\zh-cn.php
[ info ] [ ROUTE ] array (
  'type' => 'module',
  'module' => 
  array (
    0 => 'admin',
    1 => 'huanzhe',
    2 => 'index',
  ),
)
[ info ] [ HEADER ] array (
  'host' => 'admin.tll.com',
  'user-agent' => 'Mozilla/5.0 (Windows NT 10.0; WOW64; rv:54.0) Gecko/20100101 Firefox/54.0',
  'accept' => 'text/html,application/xhtml+xml,application/xml;q=0.9,*/*;q=0.8',
  'accept-language' => 'zh-CN,zh;q=0.8,en-US;q=0.5,en;q=0.3',
  'accept-encoding' => 'gzip, deflate',
  'referer' => 'http://admin.tll.com/admin/huanzhe/index.html',
  'cookie' => 'PHPSESSID=k88osj4mb1vfp8moc6l8a3u190',
  'connection' => 'keep-alive',
  'upgrade-insecure-requests' => '1',
)
[ info ] [ PARAM ] array (
  'p' => '2',
)
[ info ] [ SESSION ] INIT array (
  'id' => '',
  'var_session_id' => '',
  'prefix' => 'think',
  'type' => '',
  'auto_start' => true,
)
[ info ] [ BEHAVIOR ] Run \app\common\behavior\WebLog @module_init [ RunTime:0.007550s ]
[ info ] [ RUN ] app\admin\controller\Huanzhe->index[ D:\xampp\htdocs\tpadmin\application\admin\controller\Huanzhe.php ]
[ info ] [ DB ] INIT mysql
[ info ] [ VIEW ] D:\xampp\htdocs\tpadmin\public/../application/admin\view\huanzhe\index.html [ array (
  0 => 'list',
  1 => 'page',
) ]
[ info ] [ BEHAVIOR ] Run \app\common\behavior\WebLog @app_end [ RunTime:0.006072s ]
[ info ] [ LOG ] INIT File
[ sql ] [ DB ] CONNECT:[ UseTime:0.000734s ] mysql:dbname=tpadmin;host=127.0.0.1;charset=utf8
[ sql ] [ SQL ] SHOW COLUMNS FROM `tp_pnjs` [ RunTime:0.003663s ]
[ sql ] [ SQL ] SELECT COUNT(*) AS tp_count FROM `tp_pnjs` WHERE  `id` > 1 LIMIT 1 [ RunTime:0.000364s ]
[ sql ] [ SQL ] SELECT * FROM `tp_pnjs` WHERE  `id` > 1 ORDER BY add_time desc LIMIT 10,10 [ RunTime:0.001274s ]
[ sql ] [ SQL ] SHOW COLUMNS FROM `tp_user` [ RunTime:0.005419s ]
[ sql ] [ SQL ] SELECT * FROM `tp_user` WHERE  `id` = 1 LIMIT 1 [ RunTime:0.000531s ]
[ sql ] [ SQL ] SHOW COLUMNS FROM `tp_web_log_all` [ RunTime:0.004180s ]
[ sql ] [ SQL ] INSERT INTO `tp_web_log_all` (`uid` , `ip` , `location` , `os` , `browser` , `url` , `module` , `controller` , `action` , `method` , `data` , `create_at`) VALUES (1 , '127.0.0.1' , '本机地址 本机地址  ' , 'Windows 10' , 'Firefox(54.0)' , 'http://admin.tll.com/admin/huanzhe/index.html?p=2' , 'admin' , 'Huanzhe' , 'index' , 'GET' , 'a:1:{s:1:\"p\";s:1:\"2\";}' , 1501490484) [ RunTime:0.000651s ]

---------------------------------------------------------------
[ 2017-07-31T16:41:36+08:00 ] 127.0.0.1 127.0.0.1 GET /admin/huanzhe/index.html
[ log ] admin.tll.com/admin/huanzhe/index.html [运行时间：0.108620s][吞吐率：9.21req/s] [内存消耗：5,605.75kb] [文件加载：83]
[ info ] [ LANG ] D:\xampp\htdocs\tpadmin\thinkphp\lang\zh-cn.php
[ info ] [ ROUTE ] array (
  'type' => 'module',
  'module' => 
  array (
    0 => 'admin',
    1 => 'huanzhe',
    2 => 'index',
  ),
)
[ info ] [ HEADER ] array (
  'host' => 'admin.tll.com',
  'user-agent' => 'Mozilla/5.0 (Windows NT 10.0; WOW64; rv:54.0) Gecko/20100101 Firefox/54.0',
  'accept' => 'text/html,application/xhtml+xml,application/xml;q=0.9,*/*;q=0.8',
  'accept-language' => 'zh-CN,zh;q=0.8,en-US;q=0.5,en;q=0.3',
  'accept-encoding' => 'gzip, deflate',
  'referer' => 'http://admin.tll.com/admin/index/index.html',
  'cookie' => 'PHPSESSID=k88osj4mb1vfp8moc6l8a3u190',
  'connection' => 'keep-alive',
  'upgrade-insecure-requests' => '1',
)
[ info ] [ PARAM ] array (
)
[ info ] [ SESSION ] INIT array (
  'id' => '',
  'var_session_id' => '',
  'prefix' => 'think',
  'type' => '',
  'auto_start' => true,
)
[ info ] [ BEHAVIOR ] Run \app\common\behavior\WebLog @module_init [ RunTime:0.006334s ]
[ info ] [ RUN ] app\admin\controller\Huanzhe->index[ D:\xampp\htdocs\tpadmin\application\admin\controller\Huanzhe.php ]
[ info ] [ DB ] INIT mysql
[ info ] [ VIEW ] D:\xampp\htdocs\tpadmin\public/../application/admin\view\huanzhe\index.html [ array (
  0 => 'list',
  1 => 'page',
) ]
[ info ] [ LOG ] INIT File
[ sql ] [ DB ] CONNECT:[ UseTime:0.000695s ] mysql:dbname=tpadmin;host=127.0.0.1;charset=utf8
[ sql ] [ SQL ] SHOW COLUMNS FROM `tp_pnjs` [ RunTime:0.003164s ]
[ sql ] [ SQL ] SELECT COUNT(*) AS tp_count FROM `tp_pnjs` WHERE  `id` > 1 LIMIT 1 [ RunTime:0.000363s ]
[ sql ] [ SQL ] SELECT * FROM `tp_pnjs` WHERE  `id` > 1 ORDER BY add_time desc LIMIT 0,10 [ RunTime:0.001422s ]
[ error ] [8]Use of undefined constant uid - assumed 'uid'[D:\xampp\htdocs\tpadmin\runtime\temp\bb3ce4bb540b3c8b233882859d006243.php:92]

---------------------------------------------------------------
[ 2017-07-31T16:41:49+08:00 ] 127.0.0.1 127.0.0.1 GET /admin/huanzhe/index.html
[ log ] admin.tll.com/admin/huanzhe/index.html [运行时间：0.109015s][吞吐率：9.17req/s] [内存消耗：5,605.73kb] [文件加载：83]
[ info ] [ LANG ] D:\xampp\htdocs\tpadmin\thinkphp\lang\zh-cn.php
[ info ] [ ROUTE ] array (
  'type' => 'module',
  'module' => 
  array (
    0 => 'admin',
    1 => 'huanzhe',
    2 => 'index',
  ),
)
[ info ] [ HEADER ] array (
  'host' => 'admin.tll.com',
  'user-agent' => 'Mozilla/5.0 (Windows NT 10.0; WOW64; rv:54.0) Gecko/20100101 Firefox/54.0',
  'accept' => 'text/html,application/xhtml+xml,application/xml;q=0.9,*/*;q=0.8',
  'accept-language' => 'zh-CN,zh;q=0.8,en-US;q=0.5,en;q=0.3',
  'accept-encoding' => 'gzip, deflate',
  'referer' => 'http://admin.tll.com/admin/index/index.html',
  'cookie' => 'PHPSESSID=k88osj4mb1vfp8moc6l8a3u190',
  'connection' => 'keep-alive',
  'upgrade-insecure-requests' => '1',
)
[ info ] [ PARAM ] array (
)
[ info ] [ SESSION ] INIT array (
  'id' => '',
  'var_session_id' => '',
  'prefix' => 'think',
  'type' => '',
  'auto_start' => true,
)
[ info ] [ BEHAVIOR ] Run \app\common\behavior\WebLog @module_init [ RunTime:0.009104s ]
[ info ] [ RUN ] app\admin\controller\Huanzhe->index[ D:\xampp\htdocs\tpadmin\application\admin\controller\Huanzhe.php ]
[ info ] [ DB ] INIT mysql
[ info ] [ VIEW ] D:\xampp\htdocs\tpadmin\public/../application/admin\view\huanzhe\index.html [ array (
  0 => 'list',
  1 => 'page',
) ]
[ info ] [ LOG ] INIT File
[ sql ] [ DB ] CONNECT:[ UseTime:0.000848s ] mysql:dbname=tpadmin;host=127.0.0.1;charset=utf8
[ sql ] [ SQL ] SHOW COLUMNS FROM `tp_pnjs` [ RunTime:0.007297s ]
[ sql ] [ SQL ] SELECT COUNT(*) AS tp_count FROM `tp_pnjs` WHERE  `id` > 1 LIMIT 1 [ RunTime:0.000428s ]
[ sql ] [ SQL ] SELECT * FROM `tp_pnjs` WHERE  `id` > 1 ORDER BY add_time desc LIMIT 0,10 [ RunTime:0.001770s ]
[ error ] [8]Use of undefined constant user_id - assumed 'user_id'[D:\xampp\htdocs\tpadmin\runtime\temp\bb3ce4bb540b3c8b233882859d006243.php:92]

---------------------------------------------------------------
[ 2017-07-31T16:41:51+08:00 ] 127.0.0.1 127.0.0.1 GET /admin/huanzhe/index.html
[ log ] admin.tll.com/admin/huanzhe/index.html [运行时间：0.100312s][吞吐率：9.97req/s] [内存消耗：5,400.66kb] [文件加载：80]
[ info ] [ LANG ] D:\xampp\htdocs\tpadmin\thinkphp\lang\zh-cn.php
[ info ] [ ROUTE ] array (
  'type' => 'module',
  'module' => 
  array (
    0 => 'admin',
    1 => 'huanzhe',
    2 => 'index',
  ),
)
[ info ] [ HEADER ] array (
  'host' => 'admin.tll.com',
  'user-agent' => 'Mozilla/5.0 (Windows NT 10.0; WOW64; rv:54.0) Gecko/20100101 Firefox/54.0',
  'accept' => 'text/html,application/xhtml+xml,application/xml;q=0.9,*/*;q=0.8',
  'accept-language' => 'zh-CN,zh;q=0.8,en-US;q=0.5,en;q=0.3',
  'accept-encoding' => 'gzip, deflate',
  'referer' => 'http://admin.tll.com/admin/index/index.html',
  'cookie' => 'PHPSESSID=k88osj4mb1vfp8moc6l8a3u190',
  'connection' => 'keep-alive',
  'upgrade-insecure-requests' => '1',
)
[ info ] [ PARAM ] array (
)
[ info ] [ SESSION ] INIT array (
  'id' => '',
  'var_session_id' => '',
  'prefix' => 'think',
  'type' => '',
  'auto_start' => true,
)
[ info ] [ BEHAVIOR ] Run \app\common\behavior\WebLog @module_init [ RunTime:0.007692s ]
[ info ] [ RUN ] app\admin\controller\Huanzhe->index[ D:\xampp\htdocs\tpadmin\application\admin\controller\Huanzhe.php ]
[ info ] [ DB ] INIT mysql
[ info ] [ VIEW ] D:\xampp\htdocs\tpadmin\public/../application/admin\view\huanzhe\index.html [ array (
  0 => 'list',
  1 => 'page',
) ]
[ info ] [ LOG ] INIT File
[ sql ] [ DB ] CONNECT:[ UseTime:0.000714s ] mysql:dbname=tpadmin;host=127.0.0.1;charset=utf8
[ sql ] [ SQL ] SHOW COLUMNS FROM `tp_pnjs` [ RunTime:0.003628s ]
[ sql ] [ SQL ] SELECT COUNT(*) AS tp_count FROM `tp_pnjs` WHERE  `id` > 1 LIMIT 1 [ RunTime:0.000457s ]
[ sql ] [ SQL ] SELECT * FROM `tp_pnjs` WHERE  `id` > 1 ORDER BY add_time desc LIMIT 0,10 [ RunTime:0.002312s ]
[ error ] [8]Use of undefined constant user_id - assumed 'user_id'[D:\xampp\htdocs\tpadmin\runtime\temp\bb3ce4bb540b3c8b233882859d006243.php:92]

---------------------------------------------------------------
[ 2017-07-31T16:42:59+08:00 ] 127.0.0.1 127.0.0.1 GET /admin/huanzhe/index.html
[ log ] admin.tll.com/admin/huanzhe/index.html [运行时间：0.108667s][吞吐率：9.20req/s] [内存消耗：5,529.36kb] [文件加载：78]
[ info ] [ LANG ] D:\xampp\htdocs\tpadmin\thinkphp\lang\zh-cn.php
[ info ] [ ROUTE ] array (
  'type' => 'module',
  'module' => 
  array (
    0 => 'admin',
    1 => 'huanzhe',
    2 => 'index',
  ),
)
[ info ] [ HEADER ] array (
  'host' => 'admin.tll.com',
  'user-agent' => 'Mozilla/5.0 (Windows NT 10.0; WOW64; rv:54.0) Gecko/20100101 Firefox/54.0',
  'accept' => 'text/html,application/xhtml+xml,application/xml;q=0.9,*/*;q=0.8',
  'accept-language' => 'zh-CN,zh;q=0.8,en-US;q=0.5,en;q=0.3',
  'accept-encoding' => 'gzip, deflate',
  'referer' => 'http://admin.tll.com/admin/index/index.html',
  'cookie' => 'PHPSESSID=k88osj4mb1vfp8moc6l8a3u190',
  'connection' => 'keep-alive',
  'upgrade-insecure-requests' => '1',
)
[ info ] [ PARAM ] array (
)
[ info ] [ SESSION ] INIT array (
  'id' => '',
  'var_session_id' => '',
  'prefix' => 'think',
  'type' => '',
  'auto_start' => true,
)
[ info ] [ BEHAVIOR ] Run \app\common\behavior\WebLog @module_init [ RunTime:0.007581s ]
[ info ] [ RUN ] app\admin\controller\Huanzhe->index[ D:\xampp\htdocs\tpadmin\application\admin\controller\Huanzhe.php ]
[ info ] [ DB ] INIT mysql
[ info ] [ VIEW ] D:\xampp\htdocs\tpadmin\public/../application/admin\view\huanzhe\index.html [ array (
  0 => 'list',
  1 => 'page',
) ]
[ info ] [ BEHAVIOR ] Run \app\common\behavior\WebLog @app_end [ RunTime:0.003974s ]
[ info ] [ LOG ] INIT File
[ sql ] [ DB ] CONNECT:[ UseTime:0.000981s ] mysql:dbname=tpadmin;host=127.0.0.1;charset=utf8
[ sql ] [ SQL ] SHOW COLUMNS FROM `tp_pnjs` [ RunTime:0.004072s ]
[ sql ] [ SQL ] SELECT COUNT(*) AS tp_count FROM `tp_pnjs` WHERE  `id` > 1 LIMIT 1 [ RunTime:0.000407s ]
[ sql ] [ SQL ] SELECT * FROM `tp_pnjs` WHERE  `id` > 1 ORDER BY add_time desc LIMIT 0,10 [ RunTime:0.001543s ]
[ sql ] [ SQL ] SHOW COLUMNS FROM `tp_user` [ RunTime:0.003161s ]
[ sql ] [ SQL ] SELECT * FROM `tp_user` WHERE  `id` = 3 LIMIT 1 [ RunTime:0.000419s ]
[ sql ] [ SQL ] SELECT * FROM `tp_user` WHERE  `id` = 3 LIMIT 1 [ RunTime:0.000776s ]
[ sql ] [ SQL ] SELECT * FROM `tp_user` WHERE  `id` = 3 LIMIT 1 [ RunTime:0.000497s ]
[ sql ] [ SQL ] SELECT * FROM `tp_user` WHERE  `id` = 3 LIMIT 1 [ RunTime:0.000415s ]
[ sql ] [ SQL ] SELECT * FROM `tp_user` WHERE  `id` = 3 LIMIT 1 [ RunTime:0.000348s ]
[ sql ] [ SQL ] SELECT * FROM `tp_user` WHERE  `id` = 3 LIMIT 1 [ RunTime:0.000343s ]
[ sql ] [ SQL ] SELECT * FROM `tp_user` WHERE  `id` = 3 LIMIT 1 [ RunTime:0.000328s ]
[ sql ] [ SQL ] SELECT * FROM `tp_user` WHERE  `id` = 3 LIMIT 1 [ RunTime:0.000330s ]
[ sql ] [ SQL ] SELECT * FROM `tp_user` WHERE  `id` = 3 LIMIT 1 [ RunTime:0.000328s ]
[ sql ] [ SQL ] SELECT * FROM `tp_user` WHERE  `id` = 3 LIMIT 1 [ RunTime:0.000381s ]
[ sql ] [ SQL ] SHOW COLUMNS FROM `tp_web_log_all` [ RunTime:0.002618s ]
[ sql ] [ SQL ] INSERT INTO `tp_web_log_all` (`uid` , `ip` , `location` , `os` , `browser` , `url` , `module` , `controller` , `action` , `method` , `data` , `create_at`) VALUES (1 , '127.0.0.1' , '本机地址 本机地址  ' , 'Windows 10' , 'Firefox(54.0)' , 'http://admin.tll.com/admin/huanzhe/index.html' , 'admin' , 'Huanzhe' , 'index' , 'GET' , 'a:0:{}' , 1501490579) [ RunTime:0.000375s ]

---------------------------------------------------------------
[ 2017-07-31T16:43:15+08:00 ] 127.0.0.1 127.0.0.1 GET /
[ log ] admin.tll.com/ [运行时间：0.028235s][吞吐率：35.42req/s] [内存消耗：1,250.27kb] [文件加载：41]
[ info ] [ LANG ] D:\xampp\htdocs\tpadmin\thinkphp\lang\zh-cn.php
[ info ] [ ROUTE ] array (
  'type' => 'module',
  'module' => 
  array (
    0 => '',
    1 => NULL,
    2 => NULL,
  ),
)
[ info ] [ HEADER ] array (
  'host' => 'admin.tll.com',
  'user-agent' => 'Mozilla/5.0 (Windows NT 10.0; WOW64; rv:54.0) Gecko/20100101 Firefox/54.0',
  'accept' => 'text/html,application/xhtml+xml,application/xml;q=0.9,*/*;q=0.8',
  'accept-language' => 'zh-CN,zh;q=0.8,en-US;q=0.5,en;q=0.3',
  'accept-encoding' => 'gzip, deflate',
  'cookie' => 'PHPSESSID=k88osj4mb1vfp8moc6l8a3u190',
  'connection' => 'keep-alive',
  'upgrade-insecure-requests' => '1',
)
[ info ] [ PARAM ] array (
)
[ info ] [ RUN ] app\index\controller\Index->index[ D:\xampp\htdocs\tpadmin\application\index\controller\Index.php ]
[ info ] [ LOG ] INIT File

---------------------------------------------------------------
[ 2017-07-31T16:43:15+08:00 ] 127.0.0.1 127.0.0.1 GET /home.html
[ log ] admin.tll.com/home.html [运行时间：0.073292s][吞吐率：13.64req/s] [内存消耗：5,013.88kb] [文件加载：68]
[ info ] [ LANG ] D:\xampp\htdocs\tpadmin\thinkphp\lang\zh-cn.php
[ info ] [ ROUTE ] array (
  'type' => 'module',
  'module' => 
  array (
    0 => 'home',
    1 => NULL,
    2 => NULL,
  ),
)
[ info ] [ HEADER ] array (
  'host' => 'admin.tll.com',
  'user-agent' => 'Mozilla/5.0 (Windows NT 10.0; WOW64; rv:54.0) Gecko/20100101 Firefox/54.0',
  'accept' => 'text/html,application/xhtml+xml,application/xml;q=0.9,*/*;q=0.8',
  'accept-language' => 'zh-CN,zh;q=0.8,en-US;q=0.5,en;q=0.3',
  'accept-encoding' => 'gzip, deflate',
  'cookie' => 'PHPSESSID=k88osj4mb1vfp8moc6l8a3u190',
  'connection' => 'keep-alive',
  'upgrade-insecure-requests' => '1',
)
[ info ] [ PARAM ] array (
)
[ info ] [ SESSION ] INIT array (
  'id' => '',
  'var_session_id' => '',
  'prefix' => 'think',
  'type' => '',
  'auto_start' => true,
)
[ info ] [ BEHAVIOR ] Run \app\common\behavior\WebLog @module_init [ RunTime:0.008240s ]
[ info ] [ RUN ] app\home\controller\Index->index[ D:\xampp\htdocs\tpadmin\application\home\controller\Index.php ]
[ info ] [ VIEW ] D:\xampp\htdocs\tpadmin\public/../application/home\view\index\index.html [ array (
) ]
[ info ] [ DB ] INIT mysql
[ info ] [ BEHAVIOR ] Run \app\common\behavior\WebLog @app_end [ RunTime:0.018636s ]
[ info ] [ LOG ] INIT File
[ sql ] [ DB ] CONNECT:[ UseTime:0.000720s ] mysql:dbname=tpadmin;host=127.0.0.1;charset=utf8
[ sql ] [ SQL ] SHOW COLUMNS FROM `tp_web_log_all` [ RunTime:0.002818s ]
[ sql ] [ SQL ] INSERT INTO `tp_web_log_all` (`uid` , `ip` , `location` , `os` , `browser` , `url` , `module` , `controller` , `action` , `method` , `data` , `create_at`) VALUES (1 , '127.0.0.1' , '本机地址 本机地址  ' , 'Windows 10' , 'Firefox(54.0)' , 'http://admin.tll.com/home.html' , 'home' , 'Index' , 'index' , 'GET' , 'a:0:{}' , 1501490595) [ RunTime:0.000416s ]

---------------------------------------------------------------
[ 2017-07-31T16:43:20+08:00 ] 127.0.0.1 127.0.0.1 GET /admin.html
[ log ] admin.tll.com/admin.html [运行时间：0.087317s][吞吐率：11.45req/s] [内存消耗：5,138.98kb] [文件加载：72]
[ info ] [ LANG ] D:\xampp\htdocs\tpadmin\thinkphp\lang\zh-cn.php
[ info ] [ ROUTE ] array (
  'type' => 'module',
  'module' => 
  array (
    0 => 'admin',
    1 => NULL,
    2 => NULL,
  ),
)
[ info ] [ HEADER ] array (
  'host' => 'admin.tll.com',
  'user-agent' => 'Mozilla/5.0 (Windows NT 10.0; WOW64; rv:54.0) Gecko/20100101 Firefox/54.0',
  'accept' => 'text/html,application/xhtml+xml,application/xml;q=0.9,*/*;q=0.8',
  'accept-language' => 'zh-CN,zh;q=0.8,en-US;q=0.5,en;q=0.3',
  'accept-encoding' => 'gzip, deflate',
  'cookie' => 'PHPSESSID=k88osj4mb1vfp8moc6l8a3u190',
  'connection' => 'keep-alive',
  'upgrade-insecure-requests' => '1',
)
[ info ] [ PARAM ] array (
)
[ info ] [ SESSION ] INIT array (
  'id' => '',
  'var_session_id' => '',
  'prefix' => 'think',
  'type' => '',
  'auto_start' => true,
)
[ info ] [ BEHAVIOR ] Run \app\common\behavior\WebLog @module_init [ RunTime:0.007550s ]
[ info ] [ RUN ] app\admin\controller\Index->index[ D:\xampp\htdocs\tpadmin\application\admin\controller\Index.php ]
[ info ] [ DB ] INIT mysql
[ info ] [ VIEW ] D:\xampp\htdocs\tpadmin\public/../application/admin\view\index\index.html [ array (
  0 => 'groups',
  1 => 'menu',
) ]
[ info ] [ RUN ] app\admin\widget\Index->menu[ D:\xampp\htdocs\tpadmin\application\admin\widget\Index.php ]
[ info ] [ RUN ] app\admin\widget\Index->menu[ D:\xampp\htdocs\tpadmin\application\admin\widget\Index.php ]
[ info ] [ RUN ] app\admin\widget\Index->menu[ D:\xampp\htdocs\tpadmin\application\admin\widget\Index.php ]
[ info ] [ RUN ] app\admin\widget\Index->menu[ D:\xampp\htdocs\tpadmin\application\admin\widget\Index.php ]
[ info ] [ RUN ] app\admin\widget\Index->menu[ D:\xampp\htdocs\tpadmin\application\admin\widget\Index.php ]
[ info ] [ RUN ] app\admin\widget\Index->menu[ D:\xampp\htdocs\tpadmin\application\admin\widget\Index.php ]
[ info ] [ RUN ] app\admin\widget\Index->menu[ D:\xampp\htdocs\tpadmin\application\admin\widget\Index.php ]
[ info ] [ RUN ] app\admin\widget\Index->menu[ D:\xampp\htdocs\tpadmin\application\admin\widget\Index.php ]
[ info ] [ RUN ] app\admin\widget\Index->menu[ D:\xampp\htdocs\tpadmin\application\admin\widget\Index.php ]
[ info ] [ RUN ] app\admin\widget\Index->menu[ D:\xampp\htdocs\tpadmin\application\admin\widget\Index.php ]
[ info ] [ RUN ] app\admin\widget\Index->menu[ D:\xampp\htdocs\tpadmin\application\admin\widget\Index.php ]
[ info ] [ RUN ] app\admin\widget\Index->menu[ D:\xampp\htdocs\tpadmin\application\admin\widget\Index.php ]
[ info ] [ RUN ] app\admin\widget\Index->menu[ D:\xampp\htdocs\tpadmin\application\admin\widget\Index.php ]
[ info ] [ RUN ] app\admin\widget\Index->menu[ D:\xampp\htdocs\tpadmin\application\admin\widget\Index.php ]
[ info ] [ RUN ] app\admin\widget\Index->menu[ D:\xampp\htdocs\tpadmin\application\admin\widget\Index.php ]
[ info ] [ RUN ] app\admin\widget\Index->menu[ D:\xampp\htdocs\tpadmin\application\admin\widget\Index.php ]
[ info ] [ RUN ] app\admin\widget\Index->menu[ D:\xampp\htdocs\tpadmin\application\admin\widget\Index.php ]
[ info ] [ RUN ] app\admin\widget\Index->menu[ D:\xampp\htdocs\tpadmin\application\admin\widget\Index.php ]
[ info ] [ RUN ] app\admin\widget\Index->menu[ D:\xampp\htdocs\tpadmin\application\admin\widget\Index.php ]
[ info ] [ RUN ] app\admin\widget\Index->menu[ D:\xampp\htdocs\tpadmin\application\admin\widget\Index.php ]
[ info ] [ RUN ] app\admin\widget\Index->menu[ D:\xampp\htdocs\tpadmin\application\admin\widget\Index.php ]
[ info ] [ RUN ] app\admin\widget\Index->menu[ D:\xampp\htdocs\tpadmin\application\admin\widget\Index.php ]
[ info ] [ RUN ] app\admin\widget\Index->menu[ D:\xampp\htdocs\tpadmin\application\admin\widget\Index.php ]
[ info ] [ BEHAVIOR ] Run \app\common\behavior\WebLog @app_end [ RunTime:0.007489s ]
[ info ] [ LOG ] INIT File
[ sql ] [ DB ] CONNECT:[ UseTime:0.000886s ] mysql:dbname=tpadmin;host=127.0.0.1;charset=utf8
[ sql ] [ SQL ] SHOW COLUMNS FROM `tp_admin_node` [ RunTime:0.003890s ]
[ sql ] [ SQL ] SELECT `id`,`pid`,`name`,`group_id`,`title`,`type` FROM `tp_admin_node` WHERE  (  status=1 AND group_id > 0 ) [ RunTime:0.000929s ]
[ sql ] [ SQL ] SHOW COLUMNS FROM `tp_admin_group` [ RunTime:0.004222s ]
[ sql ] [ SQL ] SELECT `id`,`name`,`icon` FROM `tp_admin_group` WHERE  `id` IN (1,2,3)  AND `status` = 1 ORDER BY sort asc,id asc [ RunTime:0.000617s ]
[ sql ] [ SQL ] SHOW COLUMNS FROM `tp_web_log_all` [ RunTime:0.005681s ]
[ sql ] [ SQL ] INSERT INTO `tp_web_log_all` (`uid` , `ip` , `location` , `os` , `browser` , `url` , `module` , `controller` , `action` , `method` , `data` , `create_at`) VALUES (1 , '127.0.0.1' , '本机地址 本机地址  ' , 'Windows 10' , 'Firefox(54.0)' , 'http://admin.tll.com/admin.html' , 'admin' , 'Index' , 'index' , 'GET' , 'a:0:{}' , 1501490600) [ RunTime:0.000563s ]

---------------------------------------------------------------
[ 2017-07-31T16:43:20+08:00 ] 127.0.0.1 127.0.0.1 GET /admin/index/welcome.html
[ log ] admin.tll.com/admin/index/welcome.html [运行时间：0.087933s][吞吐率：11.37req/s] [内存消耗：5,077.89kb] [文件加载：70]
[ info ] [ LANG ] D:\xampp\htdocs\tpadmin\thinkphp\lang\zh-cn.php
[ info ] [ ROUTE ] array (
  'type' => 'module',
  'module' => 
  array (
    0 => 'admin',
    1 => 'index',
    2 => 'welcome',
  ),
)
[ info ] [ HEADER ] array (
  'host' => 'admin.tll.com',
  'user-agent' => 'Mozilla/5.0 (Windows NT 10.0; WOW64; rv:54.0) Gecko/20100101 Firefox/54.0',
  'accept' => 'text/html,application/xhtml+xml,application/xml;q=0.9,*/*;q=0.8',
  'accept-language' => 'zh-CN,zh;q=0.8,en-US;q=0.5,en;q=0.3',
  'accept-encoding' => 'gzip, deflate',
  'referer' => 'http://admin.tll.com/admin.html',
  'cookie' => 'PHPSESSID=k88osj4mb1vfp8moc6l8a3u190',
  'connection' => 'keep-alive',
  'upgrade-insecure-requests' => '1',
)
[ info ] [ PARAM ] array (
)
[ info ] [ SESSION ] INIT array (
  'id' => '',
  'var_session_id' => '',
  'prefix' => 'think',
  'type' => '',
  'auto_start' => true,
)
[ info ] [ BEHAVIOR ] Run \app\common\behavior\WebLog @module_init [ RunTime:0.006719s ]
[ info ] [ RUN ] app\admin\controller\Index->welcome[ D:\xampp\htdocs\tpadmin\application\admin\controller\Index.php ]
[ info ] [ DB ] INIT mysql
[ info ] [ VIEW ] D:\xampp\htdocs\tpadmin\public/../application/admin\view\index\welcome.html [ array (
  0 => 'last_login_ip',
  1 => 'last_login_loc',
  2 => 'current_login_ip',
  3 => 'current_login_loc',
  4 => 'info',
) ]
[ info ] [ BEHAVIOR ] Run \app\common\behavior\WebLog @app_end [ RunTime:0.005132s ]
[ info ] [ LOG ] INIT File
[ sql ] [ DB ] CONNECT:[ UseTime:0.000856s ] mysql:dbname=tpadmin;host=127.0.0.1;charset=utf8
[ sql ] [ SQL ] SHOW COLUMNS FROM `tp_admin_user` [ RunTime:0.006720s ]
[ sql ] [ SQL ] SELECT * FROM `tp_admin_user` WHERE  `id` = 1 LIMIT 1 [ RunTime:0.000880s ]
[ sql ] [ SQL ] SHOW COLUMNS FROM `tp_web_log_all` [ RunTime:0.003332s ]
[ sql ] [ SQL ] INSERT INTO `tp_web_log_all` (`uid` , `ip` , `location` , `os` , `browser` , `url` , `module` , `controller` , `action` , `method` , `data` , `create_at`) VALUES (1 , '127.0.0.1' , '本机地址 本机地址  ' , 'Windows 10' , 'Firefox(54.0)' , 'http://admin.tll.com/admin/index/welcome.html' , 'admin' , 'Index' , 'welcome' , 'GET' , 'a:0:{}' , 1501490600) [ RunTime:0.000522s ]

---------------------------------------------------------------
[ 2017-07-31T16:43:27+08:00 ] 127.0.0.1 127.0.0.1 GET /admin.html
[ log ] admin.tll.com/admin.html [运行时间：0.060002s][吞吐率：16.67req/s] [内存消耗：5,028.73kb] [文件加载：69]
[ info ] [ LANG ] D:\xampp\htdocs\tpadmin\thinkphp\lang\zh-cn.php
[ info ] [ ROUTE ] array (
  'type' => 'module',
  'module' => 
  array (
    0 => 'admin',
    1 => NULL,
    2 => NULL,
  ),
)
[ info ] [ HEADER ] array (
  'host' => 'admin.tll.com',
  'connection' => 'keep-alive',
  'upgrade-insecure-requests' => '1',
  'user-agent' => 'Mozilla/5.0 (Windows NT 10.0; Win64; x64) AppleWebKit/537.36 (KHTML, like Gecko) Chrome/59.0.3071.86 Safari/537.36',
  'accept' => 'text/html,application/xhtml+xml,application/xml;q=0.9,image/webp,image/apng,*/*;q=0.8',
  'accept-encoding' => 'gzip, deflate',
  'accept-language' => 'zh-CN,zh;q=0.8',
)
[ info ] [ PARAM ] array (
)
[ info ] [ SESSION ] INIT array (
  'id' => '',
  'var_session_id' => '',
  'prefix' => 'think',
  'type' => '',
  'auto_start' => true,
)
[ info ] [ BEHAVIOR ] Run \app\common\behavior\WebLog @module_init [ RunTime:0.006773s ]
[ info ] [ DB ] INIT mysql
[ info ] [ BEHAVIOR ] Run \app\common\behavior\WebLog @app_end [ RunTime:0.014431s ]
[ info ] [ LOG ] INIT File
[ sql ] [ DB ] CONNECT:[ UseTime:0.000706s ] mysql:dbname=tpadmin;host=127.0.0.1;charset=utf8
[ sql ] [ SQL ] SHOW COLUMNS FROM `tp_web_log_all` [ RunTime:0.002843s ]
[ sql ] [ SQL ] INSERT INTO `tp_web_log_all` (`uid` , `ip` , `location` , `os` , `browser` , `url` , `module` , `controller` , `action` , `method` , `data` , `create_at`) VALUES (0 , '127.0.0.1' , '本机地址 本机地址  ' , 'Windows 10' , 'Chrome(59.0.3071.86)' , 'http://admin.tll.com/admin.html' , 'admin' , 'Index' , 'index' , 'GET' , 'a:0:{}' , 1501490607) [ RunTime:0.000417s ]

---------------------------------------------------------------
[ 2017-07-31T16:43:27+08:00 ] 127.0.0.1 127.0.0.1 GET /admin/pub/login.html
[ log ] admin.tll.com/admin/pub/login.html [运行时间：0.055433s][吞吐率：18.04req/s] [内存消耗：5,016.01kb] [文件加载：69]
[ info ] [ LANG ] D:\xampp\htdocs\tpadmin\thinkphp\lang\zh-cn.php
[ info ] [ ROUTE ] array (
  'type' => 'module',
  'module' => 
  array (
    0 => 'admin',
    1 => 'pub',
    2 => 'login',
  ),
)
[ info ] [ HEADER ] array (
  'host' => 'admin.tll.com',
  'connection' => 'keep-alive',
  'upgrade-insecure-requests' => '1',
  'user-agent' => 'Mozilla/5.0 (Windows NT 10.0; Win64; x64) AppleWebKit/537.36 (KHTML, like Gecko) Chrome/59.0.3071.86 Safari/537.36',
  'accept' => 'text/html,application/xhtml+xml,application/xml;q=0.9,image/webp,image/apng,*/*;q=0.8',
  'accept-encoding' => 'gzip, deflate',
  'accept-language' => 'zh-CN,zh;q=0.8',
  'cookie' => 'PHPSESSID=n5g3i6m9jnh1uee10t65uaghc7',
)
[ info ] [ PARAM ] array (
)
[ info ] [ SESSION ] INIT array (
  'id' => '',
  'var_session_id' => '',
  'prefix' => 'think',
  'type' => '',
  'auto_start' => true,
)
[ info ] [ BEHAVIOR ] Run \app\common\behavior\WebLog @module_init [ RunTime:0.005112s ]
[ info ] [ RUN ] app\admin\controller\Pub->login[ D:\xampp\htdocs\tpadmin\application\admin\controller\Pub.php ]
[ info ] [ VIEW ] D:\xampp\htdocs\tpadmin\public/../application/admin\view\pub\login.html [ array (
) ]
[ info ] [ DB ] INIT mysql
[ info ] [ BEHAVIOR ] Run \app\common\behavior\WebLog @app_end [ RunTime:0.015166s ]
[ info ] [ LOG ] INIT File
[ sql ] [ DB ] CONNECT:[ UseTime:0.000822s ] mysql:dbname=tpadmin;host=127.0.0.1;charset=utf8
[ sql ] [ SQL ] SHOW COLUMNS FROM `tp_web_log_all` [ RunTime:0.003009s ]
[ sql ] [ SQL ] INSERT INTO `tp_web_log_all` (`uid` , `ip` , `location` , `os` , `browser` , `url` , `module` , `controller` , `action` , `method` , `data` , `create_at`) VALUES (0 , '127.0.0.1' , '本机地址 本机地址  ' , 'Windows 10' , 'Chrome(59.0.3071.86)' , 'http://admin.tll.com/admin/pub/login.html' , 'admin' , 'Pub' , 'login' , 'GET' , 'a:0:{}' , 1501490607) [ RunTime:0.000635s ]

---------------------------------------------------------------
[ 2017-07-31T16:43:27+08:00 ] 127.0.0.1 127.0.0.1 GET /captcha.html
[ log ] admin.tll.com/captcha.html [运行时间：0.035185s][吞吐率：28.42req/s] [内存消耗：1,284.84kb] [文件加载：41]
[ info ] [ LANG ] D:\xampp\htdocs\tpadmin\thinkphp\lang\zh-cn.php
[ info ] [ ROUTE ] array (
  'type' => 'method',
  'method' => 
  array (
    0 => '\\think\\captcha\\CaptchaController',
    1 => 'index',
  ),
  'var' => 
  array (
  ),
)
[ info ] [ HEADER ] array (
  'host' => 'admin.tll.com',
  'connection' => 'keep-alive',
  'user-agent' => 'Mozilla/5.0 (Windows NT 10.0; Win64; x64) AppleWebKit/537.36 (KHTML, like Gecko) Chrome/59.0.3071.86 Safari/537.36',
  'accept' => 'image/webp,image/apng,image/*,*/*;q=0.8',
  'referer' => 'http://admin.tll.com/admin/pub/login.html',
  'accept-encoding' => 'gzip, deflate',
  'accept-language' => 'zh-CN,zh;q=0.8',
  'cookie' => 'PHPSESSID=n5g3i6m9jnh1uee10t65uaghc7',
)
[ info ] [ PARAM ] array (
  'id' => '',
)
[ info ] [ RUN ] think\captcha\CaptchaController->index[ D:\xampp\htdocs\tpadmin\vendor\topthink\think-captcha\src\CaptchaController.php ]
[ info ] [ SESSION ] INIT array (
  'id' => '',
  'var_session_id' => '',
  'prefix' => 'think',
  'type' => '',
  'auto_start' => true,
)
[ info ] [ LOG ] INIT File

---------------------------------------------------------------
[ 2017-07-31T16:43:37+08:00 ] 127.0.0.1 127.0.0.1 GET /admin/yisheng/index.html
[ log ] admin.tll.com/admin/yisheng/index.html [运行时间：0.069342s][吞吐率：14.42req/s] [内存消耗：5,242.81kb] [文件加载：75]
[ info ] [ LANG ] D:\xampp\htdocs\tpadmin\thinkphp\lang\zh-cn.php
[ info ] [ ROUTE ] array (
  'type' => 'module',
  'module' => 
  array (
    0 => 'admin',
    1 => 'yisheng',
    2 => 'index',
  ),
)
[ info ] [ HEADER ] array (
  'host' => 'admin.tll.com',
  'user-agent' => 'Mozilla/5.0 (Windows NT 10.0; WOW64; rv:54.0) Gecko/20100101 Firefox/54.0',
  'accept' => 'text/html,application/xhtml+xml,application/xml;q=0.9,*/*;q=0.8',
  'accept-language' => 'zh-CN,zh;q=0.8,en-US;q=0.5,en;q=0.3',
  'accept-encoding' => 'gzip, deflate',
  'referer' => 'http://admin.tll.com/admin.html',
  'cookie' => 'PHPSESSID=k88osj4mb1vfp8moc6l8a3u190',
  'connection' => 'keep-alive',
  'upgrade-insecure-requests' => '1',
)
[ info ] [ PARAM ] array (
)
[ info ] [ SESSION ] INIT array (
  'id' => '',
  'var_session_id' => '',
  'prefix' => 'think',
  'type' => '',
  'auto_start' => true,
)
[ info ] [ BEHAVIOR ] Run \app\common\behavior\WebLog @module_init [ RunTime:0.005420s ]
[ info ] [ RUN ] app\admin\controller\Yisheng->index[ D:\xampp\htdocs\tpadmin\application\admin\controller\Yisheng.php ]
[ info ] [ DB ] INIT mysql
[ info ] [ VIEW ] D:\xampp\htdocs\tpadmin\public/../application/admin\view\yisheng\index.html [ array (
  0 => 'count',
  1 => 'list',
  2 => 'page',
) ]
[ info ] [ BEHAVIOR ] Run \app\common\behavior\WebLog @app_end [ RunTime:0.005262s ]
[ info ] [ LOG ] INIT File
[ sql ] [ DB ] CONNECT:[ UseTime:0.000909s ] mysql:dbname=tpadmin;host=127.0.0.1;charset=utf8
[ sql ] [ SQL ] SHOW COLUMNS FROM `tp_user` [ RunTime:0.003310s ]
[ sql ] [ SQL ] SELECT COUNT(*) AS tp_count FROM `tp_user` WHERE  `id` > 1 LIMIT 1 [ RunTime:0.000545s ]
[ sql ] [ SQL ] SELECT COUNT(*) AS tp_count FROM `tp_user` WHERE  `id` > 1 LIMIT 1 [ RunTime:0.000423s ]
[ sql ] [ SQL ] SELECT * FROM `tp_user` WHERE  `id` > 1 LIMIT 0,10 [ RunTime:0.000623s ]
[ sql ] [ SQL ] SHOW COLUMNS FROM `tp_web_log_all` [ RunTime:0.003782s ]
[ sql ] [ SQL ] INSERT INTO `tp_web_log_all` (`uid` , `ip` , `location` , `os` , `browser` , `url` , `module` , `controller` , `action` , `method` , `data` , `create_at`) VALUES (1 , '127.0.0.1' , '本机地址 本机地址  ' , 'Windows 10' , 'Firefox(54.0)' , 'http://admin.tll.com/admin/yisheng/index.html' , 'admin' , 'Yisheng' , 'index' , 'GET' , 'a:0:{}' , 1501490617) [ RunTime:0.000526s ]

---------------------------------------------------------------
[ 2017-07-31T16:43:39+08:00 ] 127.0.0.1 127.0.0.1 GET /admin/huanzhe/index.html
[ log ] admin.tll.com/admin/huanzhe/index.html [运行时间：0.093382s][吞吐率：10.71req/s] [内存消耗：5,321.42kb] [文件加载：75]
[ info ] [ LANG ] D:\xampp\htdocs\tpadmin\thinkphp\lang\zh-cn.php
[ info ] [ ROUTE ] array (
  'type' => 'module',
  'module' => 
  array (
    0 => 'admin',
    1 => 'huanzhe',
    2 => 'index',
  ),
)
[ info ] [ HEADER ] array (
  'host' => 'admin.tll.com',
  'user-agent' => 'Mozilla/5.0 (Windows NT 10.0; WOW64; rv:54.0) Gecko/20100101 Firefox/54.0',
  'accept' => 'text/html,application/xhtml+xml,application/xml;q=0.9,*/*;q=0.8',
  'accept-language' => 'zh-CN,zh;q=0.8,en-US;q=0.5,en;q=0.3',
  'accept-encoding' => 'gzip, deflate',
  'referer' => 'http://admin.tll.com/admin.html',
  'cookie' => 'PHPSESSID=k88osj4mb1vfp8moc6l8a3u190',
  'connection' => 'keep-alive',
  'upgrade-insecure-requests' => '1',
)
[ info ] [ PARAM ] array (
)
[ info ] [ SESSION ] INIT array (
  'id' => '',
  'var_session_id' => '',
  'prefix' => 'think',
  'type' => '',
  'auto_start' => true,
)
[ info ] [ BEHAVIOR ] Run \app\common\behavior\WebLog @module_init [ RunTime:0.005933s ]
[ info ] [ RUN ] app\admin\controller\Huanzhe->index[ D:\xampp\htdocs\tpadmin\application\admin\controller\Huanzhe.php ]
[ info ] [ DB ] INIT mysql
[ info ] [ VIEW ] D:\xampp\htdocs\tpadmin\public/../application/admin\view\huanzhe\index.html [ array (
  0 => 'list',
  1 => 'page',
) ]
[ info ] [ BEHAVIOR ] Run \app\common\behavior\WebLog @app_end [ RunTime:0.006257s ]
[ info ] [ LOG ] INIT File
[ sql ] [ DB ] CONNECT:[ UseTime:0.000802s ] mysql:dbname=tpadmin;host=127.0.0.1;charset=utf8
[ sql ] [ SQL ] SHOW COLUMNS FROM `tp_pnjs` [ RunTime:0.003260s ]
[ sql ] [ SQL ] SELECT COUNT(*) AS tp_count FROM `tp_pnjs` WHERE  `id` > 1 LIMIT 1 [ RunTime:0.000540s ]
[ sql ] [ SQL ] SELECT * FROM `tp_pnjs` WHERE  `id` > 1 ORDER BY add_time desc LIMIT 0,10 [ RunTime:0.001554s ]
[ sql ] [ SQL ] SHOW COLUMNS FROM `tp_user` [ RunTime:0.003491s ]
[ sql ] [ SQL ] SELECT * FROM `tp_user` WHERE  `id` = 3 LIMIT 1 [ RunTime:0.000493s ]
[ sql ] [ SQL ] SELECT * FROM `tp_user` WHERE  `id` = 3 LIMIT 1 [ RunTime:0.000509s ]
[ sql ] [ SQL ] SELECT * FROM `tp_user` WHERE  `id` = 3 LIMIT 1 [ RunTime:0.000516s ]
[ sql ] [ SQL ] SELECT * FROM `tp_user` WHERE  `id` = 3 LIMIT 1 [ RunTime:0.000396s ]
[ sql ] [ SQL ] SELECT * FROM `tp_user` WHERE  `id` = 3 LIMIT 1 [ RunTime:0.000343s ]
[ sql ] [ SQL ] SELECT * FROM `tp_user` WHERE  `id` = 3 LIMIT 1 [ RunTime:0.000507s ]
[ sql ] [ SQL ] SELECT * FROM `tp_user` WHERE  `id` = 3 LIMIT 1 [ RunTime:0.000501s ]
[ sql ] [ SQL ] SELECT * FROM `tp_user` WHERE  `id` = 3 LIMIT 1 [ RunTime:0.000451s ]
[ sql ] [ SQL ] SELECT * FROM `tp_user` WHERE  `id` = 3 LIMIT 1 [ RunTime:0.000496s ]
[ sql ] [ SQL ] SELECT * FROM `tp_user` WHERE  `id` = 3 LIMIT 1 [ RunTime:0.000425s ]
[ sql ] [ SQL ] SHOW COLUMNS FROM `tp_web_log_all` [ RunTime:0.003053s ]
[ sql ] [ SQL ] INSERT INTO `tp_web_log_all` (`uid` , `ip` , `location` , `os` , `browser` , `url` , `module` , `controller` , `action` , `method` , `data` , `create_at`) VALUES (1 , '127.0.0.1' , '本机地址 本机地址  ' , 'Windows 10' , 'Firefox(54.0)' , 'http://admin.tll.com/admin/huanzhe/index.html' , 'admin' , 'Huanzhe' , 'index' , 'GET' , 'a:0:{}' , 1501490619) [ RunTime:0.000742s ]

---------------------------------------------------------------
[ 2017-07-31T16:43:42+08:00 ] 127.0.0.1 127.0.0.1 GET /admin/demo/excel.html
[ log ] admin.tll.com/admin/demo/excel.html [运行时间：0.059945s][吞吐率：16.68req/s] [内存消耗：5,028.66kb] [文件加载：70]
[ info ] [ LANG ] D:\xampp\htdocs\tpadmin\thinkphp\lang\zh-cn.php
[ info ] [ ROUTE ] array (
  'type' => 'module',
  'module' => 
  array (
    0 => 'admin',
    1 => 'demo',
    2 => 'excel',
  ),
)
[ info ] [ HEADER ] array (
  'host' => 'admin.tll.com',
  'user-agent' => 'Mozilla/5.0 (Windows NT 10.0; WOW64; rv:54.0) Gecko/20100101 Firefox/54.0',
  'accept' => 'text/html,application/xhtml+xml,application/xml;q=0.9,*/*;q=0.8',
  'accept-language' => 'zh-CN,zh;q=0.8,en-US;q=0.5,en;q=0.3',
  'accept-encoding' => 'gzip, deflate',
  'referer' => 'http://admin.tll.com/admin.html',
  'cookie' => 'PHPSESSID=k88osj4mb1vfp8moc6l8a3u190',
  'connection' => 'keep-alive',
  'upgrade-insecure-requests' => '1',
)
[ info ] [ PARAM ] array (
)
[ info ] [ SESSION ] INIT array (
  'id' => '',
  'var_session_id' => '',
  'prefix' => 'think',
  'type' => '',
  'auto_start' => true,
)
[ info ] [ BEHAVIOR ] Run \app\common\behavior\WebLog @module_init [ RunTime:0.005390s ]
[ info ] [ RUN ] app\admin\controller\Demo->excel[ D:\xampp\htdocs\tpadmin\application\admin\controller\Demo.php ]
[ info ] [ VIEW ] D:\xampp\htdocs\tpadmin\public/../application/admin\view\demo\excel.html [ array (
) ]
[ info ] [ DB ] INIT mysql
[ info ] [ BEHAVIOR ] Run \app\common\behavior\WebLog @app_end [ RunTime:0.015525s ]
[ info ] [ LOG ] INIT File
[ sql ] [ DB ] CONNECT:[ UseTime:0.000723s ] mysql:dbname=tpadmin;host=127.0.0.1;charset=utf8
[ sql ] [ SQL ] SHOW COLUMNS FROM `tp_web_log_all` [ RunTime:0.003080s ]
[ sql ] [ SQL ] INSERT INTO `tp_web_log_all` (`uid` , `ip` , `location` , `os` , `browser` , `url` , `module` , `controller` , `action` , `method` , `data` , `create_at`) VALUES (1 , '127.0.0.1' , '本机地址 本机地址  ' , 'Windows 10' , 'Firefox(54.0)' , 'http://admin.tll.com/admin/demo/excel.html' , 'admin' , 'Demo' , 'excel' , 'GET' , 'a:0:{}' , 1501490622) [ RunTime:0.000618s ]

---------------------------------------------------------------
[ 2017-07-31T16:48:41+08:00 ] 127.0.0.1 127.0.0.1 GET /admin/pub/login.html
[ log ] admin.tll.com/admin/pub/login.html [运行时间：0.076156s][吞吐率：13.13req/s] [内存消耗：5,016.70kb] [文件加载：69]
[ info ] [ LANG ] D:\xampp\htdocs\tpadmin\thinkphp\lang\zh-cn.php
[ info ] [ ROUTE ] array (
  'type' => 'module',
  'module' => 
  array (
    0 => 'admin',
    1 => 'pub',
    2 => 'login',
  ),
)
[ info ] [ HEADER ] array (
  'host' => 'admin.tll.com',
  'connection' => 'keep-alive',
  'cache-control' => 'max-age=0',
  'upgrade-insecure-requests' => '1',
  'user-agent' => 'Mozilla/5.0 (Windows NT 10.0; Win64; x64) AppleWebKit/537.36 (KHTML, like Gecko) Chrome/59.0.3071.86 Safari/537.36',
  'accept' => 'text/html,application/xhtml+xml,application/xml;q=0.9,image/webp,image/apng,*/*;q=0.8',
  'accept-encoding' => 'gzip, deflate',
  'accept-language' => 'zh-CN,zh;q=0.8',
  'cookie' => 'PHPSESSID=n5g3i6m9jnh1uee10t65uaghc7',
)
[ info ] [ PARAM ] array (
)
[ info ] [ SESSION ] INIT array (
  'id' => '',
  'var_session_id' => '',
  'prefix' => 'think',
  'type' => '',
  'auto_start' => true,
)
[ info ] [ BEHAVIOR ] Run \app\common\behavior\WebLog @module_init [ RunTime:0.006975s ]
[ info ] [ RUN ] app\admin\controller\Pub->login[ D:\xampp\htdocs\tpadmin\application\admin\controller\Pub.php ]
[ info ] [ VIEW ] D:\xampp\htdocs\tpadmin\public/../application/admin\view\pub\login.html [ array (
) ]
[ info ] [ DB ] INIT mysql
[ info ] [ BEHAVIOR ] Run \app\common\behavior\WebLog @app_end [ RunTime:0.016670s ]
[ info ] [ LOG ] INIT File
[ sql ] [ DB ] CONNECT:[ UseTime:0.000948s ] mysql:dbname=tpadmin;host=127.0.0.1;charset=utf8
[ sql ] [ SQL ] SHOW COLUMNS FROM `tp_web_log_all` [ RunTime:0.003163s ]
[ sql ] [ SQL ] INSERT INTO `tp_web_log_all` (`uid` , `ip` , `location` , `os` , `browser` , `url` , `module` , `controller` , `action` , `method` , `data` , `create_at`) VALUES (0 , '127.0.0.1' , '本机地址 本机地址  ' , 'Windows 10' , 'Chrome(59.0.3071.86)' , 'http://admin.tll.com/admin/pub/login.html' , 'admin' , 'Pub' , 'login' , 'GET' , 'a:0:{}' , 1501490921) [ RunTime:0.000664s ]

---------------------------------------------------------------
[ 2017-07-31T16:48:41+08:00 ] 127.0.0.1 127.0.0.1 GET /captcha.html
[ log ] admin.tll.com/captcha.html [运行时间：0.035830s][吞吐率：27.91req/s] [内存消耗：1,284.84kb] [文件加载：41]
[ info ] [ LANG ] D:\xampp\htdocs\tpadmin\thinkphp\lang\zh-cn.php
[ info ] [ ROUTE ] array (
  'type' => 'method',
  'method' => 
  array (
    0 => '\\think\\captcha\\CaptchaController',
    1 => 'index',
  ),
  'var' => 
  array (
  ),
)
[ info ] [ HEADER ] array (
  'host' => 'admin.tll.com',
  'connection' => 'keep-alive',
  'user-agent' => 'Mozilla/5.0 (Windows NT 10.0; Win64; x64) AppleWebKit/537.36 (KHTML, like Gecko) Chrome/59.0.3071.86 Safari/537.36',
  'accept' => 'image/webp,image/apng,image/*,*/*;q=0.8',
  'referer' => 'http://admin.tll.com/admin/pub/login.html',
  'accept-encoding' => 'gzip, deflate',
  'accept-language' => 'zh-CN,zh;q=0.8',
  'cookie' => 'PHPSESSID=n5g3i6m9jnh1uee10t65uaghc7',
)
[ info ] [ PARAM ] array (
  'id' => '',
)
[ info ] [ RUN ] think\captcha\CaptchaController->index[ D:\xampp\htdocs\tpadmin\vendor\topthink\think-captcha\src\CaptchaController.php ]
[ info ] [ SESSION ] INIT array (
  'id' => '',
  'var_session_id' => '',
  'prefix' => 'think',
  'type' => '',
  'auto_start' => true,
)
[ info ] [ LOG ] INIT File

---------------------------------------------------------------
[ 2017-07-31T16:48:42+08:00 ] 127.0.0.1 127.0.0.1 GET /admin/pub/login.html
[ log ] admin.tll.com/admin/pub/login.html [运行时间：0.076400s][吞吐率：13.09req/s] [内存消耗：5,016.70kb] [文件加载：69]
[ info ] [ LANG ] D:\xampp\htdocs\tpadmin\thinkphp\lang\zh-cn.php
[ info ] [ ROUTE ] array (
  'type' => 'module',
  'module' => 
  array (
    0 => 'admin',
    1 => 'pub',
    2 => 'login',
  ),
)
[ info ] [ HEADER ] array (
  'host' => 'admin.tll.com',
  'connection' => 'keep-alive',
  'cache-control' => 'max-age=0',
  'upgrade-insecure-requests' => '1',
  'user-agent' => 'Mozilla/5.0 (Windows NT 10.0; Win64; x64) AppleWebKit/537.36 (KHTML, like Gecko) Chrome/59.0.3071.86 Safari/537.36',
  'accept' => 'text/html,application/xhtml+xml,application/xml;q=0.9,image/webp,image/apng,*/*;q=0.8',
  'accept-encoding' => 'gzip, deflate',
  'accept-language' => 'zh-CN,zh;q=0.8',
  'cookie' => 'PHPSESSID=n5g3i6m9jnh1uee10t65uaghc7',
)
[ info ] [ PARAM ] array (
)
[ info ] [ SESSION ] INIT array (
  'id' => '',
  'var_session_id' => '',
  'prefix' => 'think',
  'type' => '',
  'auto_start' => true,
)
[ info ] [ BEHAVIOR ] Run \app\common\behavior\WebLog @module_init [ RunTime:0.006257s ]
[ info ] [ RUN ] app\admin\controller\Pub->login[ D:\xampp\htdocs\tpadmin\application\admin\controller\Pub.php ]
[ info ] [ VIEW ] D:\xampp\htdocs\tpadmin\public/../application/admin\view\pub\login.html [ array (
) ]
[ info ] [ DB ] INIT mysql
[ info ] [ BEHAVIOR ] Run \app\common\behavior\WebLog @app_end [ RunTime:0.018281s ]
[ info ] [ LOG ] INIT File
[ sql ] [ DB ] CONNECT:[ UseTime:0.000856s ] mysql:dbname=tpadmin;host=127.0.0.1;charset=utf8
[ sql ] [ SQL ] SHOW COLUMNS FROM `tp_web_log_all` [ RunTime:0.003081s ]
[ sql ] [ SQL ] INSERT INTO `tp_web_log_all` (`uid` , `ip` , `location` , `os` , `browser` , `url` , `module` , `controller` , `action` , `method` , `data` , `create_at`) VALUES (0 , '127.0.0.1' , '本机地址 本机地址  ' , 'Windows 10' , 'Chrome(59.0.3071.86)' , 'http://admin.tll.com/admin/pub/login.html' , 'admin' , 'Pub' , 'login' , 'GET' , 'a:0:{}' , 1501490922) [ RunTime:0.000630s ]

---------------------------------------------------------------
[ 2017-07-31T16:48:42+08:00 ] 127.0.0.1 127.0.0.1 GET /captcha.html
[ log ] admin.tll.com/captcha.html [运行时间：0.045386s][吞吐率：22.03req/s] [内存消耗：1,284.86kb] [文件加载：41]
[ info ] [ LANG ] D:\xampp\htdocs\tpadmin\thinkphp\lang\zh-cn.php
[ info ] [ ROUTE ] array (
  'type' => 'method',
  'method' => 
  array (
    0 => '\\think\\captcha\\CaptchaController',
    1 => 'index',
  ),
  'var' => 
  array (
  ),
)
[ info ] [ HEADER ] array (
  'host' => 'admin.tll.com',
  'connection' => 'keep-alive',
  'user-agent' => 'Mozilla/5.0 (Windows NT 10.0; Win64; x64) AppleWebKit/537.36 (KHTML, like Gecko) Chrome/59.0.3071.86 Safari/537.36',
  'accept' => 'image/webp,image/apng,image/*,*/*;q=0.8',
  'referer' => 'http://admin.tll.com/admin/pub/login.html',
  'accept-encoding' => 'gzip, deflate',
  'accept-language' => 'zh-CN,zh;q=0.8',
  'cookie' => 'PHPSESSID=n5g3i6m9jnh1uee10t65uaghc7',
)
[ info ] [ PARAM ] array (
  'id' => '',
)
[ info ] [ RUN ] think\captcha\CaptchaController->index[ D:\xampp\htdocs\tpadmin\vendor\topthink\think-captcha\src\CaptchaController.php ]
[ info ] [ SESSION ] INIT array (
  'id' => '',
  'var_session_id' => '',
  'prefix' => 'think',
  'type' => '',
  'auto_start' => true,
)
[ info ] [ LOG ] INIT File

---------------------------------------------------------------
